=~=~=~=~=~=~=~=~=~=~=~= PuTTY log 2022.10.27 11:14:44 =~=~=~=~=~=~=~=~=~=~=~=
GyroXMax: 2.55, GyroXMin: -1.25, GyroYMax: 2.26, GyroYMin: -0.92, GyroZMax: 2.68, GyroZMin: -0.59
GyroX: 3.80, GyroY: 3.17, GyroZ: 3.27, AccelX: 5.08, AccelY: 13.05, AccelZ: 9.49
GyroXMax: 2.50, GyroXMin: -1.76, GyroYMax: 1.76, GyroYMin: -0.92, GyroZMax: 2.68, GyroZMin: -0.59
GyroX: 4.26, GyroY: 2.6	ÊbþAccelY: 0.08, AccelZ: 0.17
GyroXMax: -0.07, GyroXMin: -0.07, GyroYMax: -0.00, GyroYMin: -0.01, GyroZMax: 0.03, GyroZMin: 0.02
GyroX: 0.01, GyroY: 0.01, GyroZ: 0.00, AccelX: 0.09, AccelY: 0.08, AccelZ: 0.17
GyroXMax: -0.07, GyroXMin: -0.07, GyroYMax: -0.00, GyroYMin: -0.01, GyroZMax: 0.03, GyroZMin: 0.02
GyroX: 0.01, GyroY: 0.01, GyroZ: 0.00, AccelX: 0.09, AccelY: 0.08, AccelZ: 0.17
GyroXMax: -0.07, GyroXMin: -0.07, GyroYMax: -0.00, GyroYMin: -0.01, GyroZMax: 0.03, GyroZMin: 0.02
GyroX: 0.01, GyroY: 0.01, GyroZ: 0.00, AccelX: 0.09, AccelY: 0.08, AccelZ: 0.17
GyroXMax: -0.07, GyroXMin: -0.07, GyroYMax: -0.00, GyroYMin: -0.01, GyroZMax: 0.03, GyroZMin: 0.02
GyroX: 0.01, GyroY: 0.01, GyroZ: 0.00, AccelX: 0.09, AccelY: 0.08, AccelZ: 0.17
GyroXMax: -0.07, GyroXMin: -0.07, GyroYMax: -0.00, GyroYMin: -0.01, GyroZMax: 0.03, GyroZMin: 0.02
GyroX: 0.01, GyroY: 0.01, GyroZ: 0.00, AccelX: 0.09, AccelY: 0.08, AccelZ: 0.17
GyroXMax: -0.07, GyroXMin: -0.07, GyroYMax: -0.00, GyroYMin: -0.01, GyroZMax: 0.03, GyroZMin: 0.02
GyroX: 0.01, GyroY: 0.01, GyroZ: 0.00, AccelX: 0.09, AccelY: 0.08, AccelZ: 0.17
GyroXMax: -0.07, GyroXMin: -0.07, GyroYMax: -0.00, GyroYMin: -0.01, GyroZMax: 0.03, GyroZMin: 0.02
GyroX: 0.01, GyroY: 0.01, GyroZ: 0.00, AccelX: 0.09, AccelY: 0.08, AccelZ: 0.17
GyroXMax: -0.07, GyroXMin: -0.07, GyroYMax: -0.00, GyroYMin: -0.01, GyroZMax: 0.03, GyroZMin: 0.02
GyroX: 0.01, GyroY: 0.01, GyroZ: 0.00, AccelX: 0.09, AccelY: 0.08, AccelZ: 0.17
GyroXMax: -0.07, GyroXMin: -0.07, GyroYMax: -0.00, GyroYMin: -0.01, GyroZMax: 0.03, GyroZMin: 0.02
GyroX: 0.01, GyroY: 0.01, GyroZ: 0.00, AccelX: 0.07, AccelY: 0.08, AccelZ: 0.17
GyroXMax: -0.07, GyroXMin: -0.07, GyroYMax: -0.00, GyroYMin: -0.01, GyroZMax: 0.03, GyroZMin: 0.02
GyroX: 0.01, GyroY: 0.01, GyroZ: 0.00, AccelX: 0.07, AccelY: 0.09, AccelZ: 0.17
GyroXMax: -0.07, GyroXMin: -0.07, GyroYMax: -0.00, GyroYMin: -0.01, GyroZMax: 0.03, GyroZMin: 0.02
GyroX: 0.01, GyroY: 0.01, GyroZ: 0.00, AccelX: 0.07, AccelY: 0.09, AccelZ: 0.17
GyroXMax: -0.07, GyroXMin: -0.07, GyroYMax: -0.00, GyroYMin: -0.01, GyroZMax: 0.03, GyroZMin: 0.02
GyroX: 0.01, GyroY: 0.01, GyroZ: 0.00, AccelX: 0.07, AccelY: 0.09, AccelZ: 0.11
GyroXMax: -0.07, GyroXMin: -0.07, GyroYMax: -0.00, GyroYMin: -0.01, GyroZMax: 0.03, GyroZMin: 0.02
GyroX: 0.01, GyroY: 0.01, GyroZ: 0.00, AccelX: 0.07, AccelY: 0.09, AccelZ: 0.11
GyroXMax: -0.07, GyroXMin: -0.07, GyroYMax: -0.00, GyroYMin: -0.01, GyroZMax: 0.03, GyroZMin: 0.02
GyroX: 0.01, GyroY: 0.01, GyroZ: 0.01, AccelX: 0.07, AccelY: 0.09, AccelZ: 0.11
GyroXMax: -0.07, GyroXMin: -0.07, GyroYMax: -0.00, GyroYMin: -0.01, GyroZMax: 0.03, GyroZMin: 0.02
GyroX: 0.01, GyroY: 0.01, GyroZ: 0.01, AccelX: 0.07, AccelY: 0.09, AccelZ: 0.10
GyroXMax: -0.07, GyroXMin: -0.07, GyroYMax: -0.00, GyroYMin: -0.01, GyroZMax: 0.03, GyroZMin: 0.02
GyroX: 0.01, GyroY: 0.01, GyroZ: 0.01, AccelX: 0.07, AccelY: 0.09, AccelZ: 0.10
GyroXMax: -0.07, GyroXMin: -0.07, GyroYMax: -0.00, GyroYMin: -0.01, GyroZMax: 0.03, GyroZMin: 0.02
GyroX: 0.01, GyroY: 0.01, GyroZ: 0.01, AccelX: 0.07, AccelY: 0.09, AccelZ: 0.10
GyroXMax: -0.07, GyroXMin: -0.07, GyroYMax: -0.00, GyroYMin: -0.01, GyroZMax: 0.03, GyroZMin: 0.02
GyroX: 0.01, GyroY: 0.01, GyroZ: 0.01, AccelX: 0.07, AccelY: 0.09, AccelZ: 0.10
GyroXMax: -0.07, GyroXMin: -0.07, GyroYMax: -0.00, GyroYMin: -0.01, GyroZMax: 0.03, GyroZMin: 0.02
GyroX: 0.01, GyroY: 0.01, GyroZ: 0.01, AccelX: 0.07, AccelY: 0.09, AccelZ: 0.08
GyroXMax: -0.07, GyroXMin: -0.07, GyroYMax: -0.00, GyroYMin: -0.01, GyroZMax: 0.03, GyroZMin: 0.02
GyroX: 0.01, GyroY: 0.01, GyroZ: 0.01, AccelX: 0.07, AccelY: 0.09, AccelZ: 0.08
GyroXMax: -0.07, GyroXMin: -0.07, GyroYMax: -0.00, GyroYMin: -0.01, GyroZMax: 0.03, GyroZMin: 0.02
GyroX: 0.01, GyroY: 0.01, GyroZ: 0.01, AccelX: 0.07, AccelY: 0.09, AccelZ: 0.08
GyroXMax: -0.07, GyroXMin: -0.07, GyroYMax: -0.00, GyroYMin: -0.01, GyroZMax: 0.03, GyroZMin: 0.02
GyroX: 0.01, GyroY: 0.01, GyroZ: 0.01, AccelX: 0.07, AccelY: 0.09, AccelZ: 0.07
GyroXMax: -0.07, GyroXMin: -0.07, GyroYMax: -0.00, GyroYMin: -0.01, GyroZMax: 0.03, GyroZMin: 0.02
GyroX: 0.01, GyroY: 0.01, GyroZ: 0.01, AccelX: 0.07, AccelY: 0.09, AccelZ: 0.07
GyroXMax: -0.07, GyroXMin: -0.07, GyroYMax: -0.00, GyroYMin: -0.01, GyroZMax: 0.03, GyroZMin: 0.02
GyroX: 0.01, GyroY: 0.01, GyroZ: 0.01, AccelX: 0.07, AccelY: 0.09, AccelZ: 0.07
GyroXMax: -0.07, GyroXMin: -0.07, GyroYMax: -0.00, GyroYMin: -0.01, GyroZMax: 0.03, GyroZMin: 0.02
GyroX: 0.01, GyroY: 0.01, GyroZ: 0.01, AccelX: 0.07, AccelY: 0.09, AccelZ: 0.07
GyroXMax: -0.07, GyroXMin: -0.07, GyroYMax: -0.00, GyroYMin: -0.01, GyroZMax: 0.03, GyroZMin: 0.02
GyroX: 0.01, GyroY: 0.01, GyroZ: 0.01, AccelX: 0.07, AccelY: 0.09, AccelZ: 0.07
GyroXMax: -0.07, GyroXMin: -0.07, GyroYMax: -0.00, GyroYMin: -0.01, GyroZMax: 0.03, GyroZMin: 0.02
GyroX: 0.01, GyroY: 0.01, GyroZ: 0.01, AccelX: 0.07, AccelY: 0.09, AccelZ: 0.07
GyroXMax: -0.07, GyroXMin: -0.07, GyroYMax: -0.00, GyroYMin: -0.01, GyroZMax: 0.03, GyroZMin: 0.02
GyroX: 0.01, GyroY: 0.01, GyroZ: 0.01, AccelX: 0.07, AccelY: 0.09, AccelZ: 0.07
GyroXMax: -0.07, GyroXMin: -0.07, GyroYMax: -0.00, GyroYMin: -0.01, GyroZMax: 0.03, GyroZMin: 0.02
GyroX: 0.01, GyroY: 0.01, GyroZ: 0.00, AccelX: 0.07, AccelY: 0.09, AccelZ: 0.07
GyroXMax: -0.07, GyroXMin: -0.07, GyroYMax: -0.00, GyroYMin: -0.01, GyroZMax: 0.03, GyroZMin: 0.02
GyroX: 0.01, GyroY: 0.01, GyroZ: 0.00, AccelX: 0.07, AccelY: 0.09, AccelZ: 0.07
GyroXMax: -0.07, GyroXMin: -0.07, GyroYMax: -0.00, GyroYMin: -0.01, GyroZMax: 0.03, GyroZMin: 0.02
GyroX: 0.01, GyroY: 0.01, GyroZ: 0.00, AccelX: 0.07, AccelY: 0.07, AccelZ: 0.07
GyroXMax: -0.07, GyroXMin: -0.07, GyroYMax: -0.00, GyroYMin: -0.01, GyroZMax: 0.03, GyroZMin: 0.02
GyroX: 0.01, GyroY: 0.01, GyroZ: 0.00, AccelX: 0.07, AccelY: 0.07, AccelZ: 0.07
GyroXMax: -0.07, GyroXMin: -0.07, GyroYMax: -0.00, GyroYMin: -0.01, GyroZMax: 0.03, GyroZMin: 0.02
GyroX: 0.01, GyroY: 0.01, GyroZ: 0.00, AccelX: 0.07, AccelY: 0.07, AccelZ: 0.08
GyroXMax: -0.07, GyroXMin: -0.07, GyroYMax: -0.00, GyroYMin: -0.01, GyroZMax: 0.03, GyroZMin: 0.02
GyroX: 0.01, GyroY: 0.01, GyroZ: 0.00, AccelX: 0.07, AccelY: 0.07, AccelZ: 0.08
GyroXMax: -0.07, GyroXMin: -0.07, GyroYMax: -0.00, GyroYMin: -0.01, GyroZMax: 0.03, GyroZMin: 0.02
GyroX: 0.01, GyroY: 0.01, GyroZ: 0.00, AccelX: 0.07, AccelY: 0.07, AccelZ: 0.12
GyroXMax: -0.07, GyroXMin: -0.07, GyroYMax: -0.00, GyroYMin: -0.01, GyroZMax: 0.03, GyroZMin: 0.02
GyroX: 0.01, GyroY: 0.01, GyroZ: 0.00, AccelX: 0.07, AccelY: 0.08, AccelZ: 0.12
GyroXMax: -0.07, GyroXMin: -0.07, GyroYMax: -0.00, GyroYMin: -0.01, GyroZMax: 0.03, GyroZMin: 0.02
GyroX: 0.01, GyroY: 0.01, GyroZ: 0.00, AccelX: 0.07, AccelY: 0.08, AccelZ: 0.12
GyroXMax: -0.07, GyroXMin: -0.07, GyroYMax: -0.00, GyroYMin: -0.01, GyroZMax: 0.03, GyroZMin: 0.02
GyroX: 0.01, GyroY: 0.01, GyroZ: 0.00, AccelX: 0.09, AccelY: 0.08, AccelZ: 0.12
GyroXMax: -0.07, GyroXMin: -0.07, GyroYMax: -0.00, GyroYMin: -0.01, GyroZMax: 0.03, GyroZMin: 0.02
GyroX: 0.01, GyroY: 0.01, GyroZ: 0.00, AccelX: 0.09, AccelY: 0.08, AccelZ: 0.12
GyroXMax: -0.07, GyroXMin: -0.07, GyroYMax: -0.00, GyroYMin: -0.01, GyroZMax: 0.03, GyroZMin: 0.02
GyroX: 0.01, GyroY: 0.01, GyroZ: 0.00, AccelX: 0.09, AccelY: 0.07, AccelZ: 0.12
GyroXMax: -0.07, GyroXMin: -0.07, GyroYMax: -0.00, GyroYMin: -0.01, GyroZMax: 0.03, GyroZMin: 0.02
GyroX: 0.01, GyroY: 0.01, GyroZ: 0.00, AccelX: 0.09, AccelY: 0.08, AccelZ: 0.12
GyroXMax: -0.07, GyroXMin: -0.07, GyroYMax: -0.00, GyroYMin: -0.01, GyroZMax: 0.03, GyroZMin: 0.02
GyroX: 0.01, GyroY: 0.01, GyroZ: 0.01, AccelX: 0.09, AccelY: 0.08, AccelZ: 0.12
GyroXMax: -0.07, GyroXMin: -0.07, GyroYMax: -0.00, GyroYMin: -0.01, GyroZMax: 0.03, GyroZMin: 0.02
GyroX: 0.01, GyroY: 0.01, GyroZ: 0.01, AccelX: 0.09, AccelY: 0.08, AccelZ: 0.12
GyroXMax: -0.07, GyroXMin: -0.07, GyroYMax: -0.00, GyroYMin: -0.01, GyroZMax: 0.03, GyroZMin: 0.02
GyroX: 0.01, GyroY: 0.01, GyroZ: 0.00, AccelX: 0.09, AccelY: 0.08, AccelZ: 0.12
GyroXMax: -0.07, GyroXMin: -0.07, GyroYMax: -0.00, GyroYMin: -0.01, GyroZMax: 0.03, GyroZMin: 0.02
GyroX: 0.01, GyroY: 0.01, GyroZ: 0.00, AccelX: 0.09, AccelY: 0.08, AccelZ: 0.12
GyroXMax: -0.07, GyroXMin: -0.07, GyroYMax: -0.00, GyroYMin: -0.01, GyroZMax: 0.03, GyroZMin: 0.02
GyroX: 0.01, GyroY: 0.01, GyroZ: 0.00, AccelX: 0.08, AccelY: 0.08, AccelZ: 0.12
GyroXMax: -0.07, GyroXMin: -0.07, GyroYMax: -0.00, GyroYMin: -0.01, GyroZMax: 0.03, GyroZMin: 0.02
GyroX: 0.01, GyroY: 0.01, GyroZ: 0.00, AccelX: 0.08, AccelY: 0.08, AccelZ: 0.13
GyroXMax: -0.07, GyroXMin: -0.07, GyroYMax: -0.00, GyroYMin: -0.01, GyroZMax: 0.03, GyroZMin: 0.02
GyroX: 0.01, GyroY: 0.01, GyroZ: 0.00, AccelX: 0.08, AccelY: 0.08, AccelZ: 0.13
GyroXMax: -0.07, GyroXMin: -0.07, GyroYMax: -0.00, GyroYMin: -0.01, GyroZMax: 0.03, GyroZMin: 0.02
GyroX: 0.01, GyroY: 0.01, GyroZ: 0.00, AccelX: 0.08, AccelY: 0.08, AccelZ: 0.13
GyroXMax: -0.07, GyroXMin: -0.07, GyroYMax: -0.00, GyroYMin: -0.01, GyroZMax: 0.03, GyroZMin: 0.02
GyroX: 0.01, GyroY: 0.01, GyroZ: 0.00, AccelX: 0.08, AccelY: 0.08, AccelZ: 0.13
GyroXMax: -0.07, GyroXMin: -0.07, GyroYMax: -0.00, GyroYMin: -0.01, GyroZMax: 0.03, GyroZMin: 0.02
GyroX: 0.01, GyroY: 0.01, GyroZ: 0.00, AccelX: 0.08, AccelY: 0.08, AccelZ: 0.13
GyroXMax: -0.07, GyroXMin: -0.07, GyroYMax: -0.00, GyroYMin: -0.01, GyroZMax: 0.03, GyroZMin: 0.02
GyroX: 0.01, GyroY: 0.01, GyroZ: 0.00, AccelX: 0.08, AccelY: 0.08, AccelZ: 0.13
GyroXMax: -0.07, GyroXMin: -0.07, GyroYMax: -0.00, GyroYMin: -0.01, GyroZMax: 0.03, GyroZMin: 0.02
GyroX: 0.01, GyroY: 0.01, GyroZ: 0.00, AccelX: 0.08, AccelY: 0.08, AccelZ: 0.13
GyroXMax: -0.07, GyroXMin: -0.07, GyroYMax: -0.00, GyroYMin: -0.01, GyroZMax: 0.03, GyroZMin: 0.02
GyroX: 0.01, GyroY: 0.01, GyroZ: 0.00, AccelX: 0.08, AccelY: 0.08, AccelZ: 0.13
GyroXMax: -0.07, GyroXMin: -0.07, GyroYMax: -0.00, GyroYMin: -0.01, GyroZMax: 0.03, GyroZMin: 0.02
GyroX: 0.01, GyroY: 0.01, GyroZ: 0.00, AccelX: 0.08, AccelY: 0.08, AccelZ: 0.15
GyroXMax: -0.07, GyroXMin: -0.07, GyroYMax: -0.00, GyroYMin: -0.01, GyroZMax: 0.03, GyroZMin: 0.02
GyroX: 0.01, GyroY: 0.00, GyroZ: 0.00, AccelX: 0.08, AccelY: 0.08, AccelZ: 0.15
GyroXMax: -0.07, GyroXMin: -0.07, GyroYMax: -0.00, GyroYMin: -0.01, GyroZMax: 0.03, GyroZMin: 0.02
GyroX: 0.01, GyroY: 0.00, GyroZ: 0.00, AccelX: 0.08, AccelY: 0.08, AccelZ: 0.15
GyroXMax: 0.73, GyroXMin: -0.07, GyroYMax: -0.00, GyroYMin: -0.09, GyroZMax: 0.04, GyroZMin: 0.02
GyroX: 0.80, GyroY: 0.09, GyroZ: 0.02, AccelX: 0.20, AccelY: 0.49, AccelZ: 0.33
GyroXMax: 1.11, GyroXMin: -0.07, GyroYMax: -0.00, GyroYMin: -0.09, GyroZMax: 0.09, GyroZMin: 0.02
GyroX: 1.19, GyroY: 0.09, GyroZ: 0.06, AccelX: 0.20, AccelY: 0.49, AccelZ: 0.33
GyroXMax: 3.26, GyroXMin: -0.07, GyroYMax: -0.00, GyroYMin: -0.09, GyroZMax: 0.23, GyroZMin: 0.02
GyroX: 3.34, GyroY: 0.09, GyroZ: 0.21, AccelX: 0.49, AccelY: 1.31, AccelZ: 0.46
GyroXMax: 3.26, GyroXMin: -0.07, GyroYMax: 0.02, GyroYMin: -0.09, GyroZMax: 0.25, GyroZMin: 0.02
GyroX: 3.34, GyroY: 0.11, GyroZ: 0.23, AccelX: 0.74, AccelY: 4.05, AccelZ: 1.15
GyroXMax: 3.26, GyroXMin: -0.07, GyroYMax: 0.02, GyroYMin: -0.09, GyroZMax: 0.35, GyroZMin: 0.02
GyroX: 3.34, GyroY: 0.11, GyroZ: 0.33, AccelX: 0.74, AccelY: 4.05, AccelZ: 1.51
GyroXMax: 3.26, GyroXMin: -0.07, GyroYMax: 0.06, GyroYMin: -0.09, GyroZMax: 0.49, GyroZMin: 0.02
GyroX: 3.34, GyroY: 0.15, GyroZ: 0.46, AccelX: 0.74, AccelY: 4.31, AccelZ: 1.51
GyroXMax: 4.36, GyroXMin: -0.07, GyroYMax: 0.26, GyroYMin: -0.09, GyroZMax: 0.92, GyroZMin: 0.02
GyroX: 4.43, GyroY: 0.35, GyroZ: 0.90, AccelX: 0.74, AccelY: 4.31, AccelZ: 1.51
GyroXMax: 5.84, GyroXMin: -0.07, GyroYMax: 1.15, GyroYMin: -0.09, GyroZMax: 1.44, GyroZMin: 0.02
GyroX: 5.92, GyroY: 1.24, GyroZ: 1.42, AccelX: 1.21, AccelY: 9.40, AccelZ: 3.36
GyroXMax: 5.84, GyroXMin: -0.07, GyroYMax: 2.03, GyroYMin: -0.09, GyroZMax: 1.44, GyroZMin: 0.02
GyroX: 5.92, GyroY: 2.12, GyroZ: 1.42, AccelX: 2.84, AccelY: 9.85, AccelZ: 3.36
GyroXMax: 5.84, GyroXMin: -0.07, GyroYMax: 2.03, GyroYMin: -0.09, GyroZMax: 1.44, GyroZMin: 0.02
GyroX: 5.92, GyroY: 2.12, GyroZ: 1.42, AccelX: 3.44, AccelY: 9.85, AccelZ: 11.46
GyroXMax: 5.84, GyroXMin: -0.07, GyroYMax: 2.03, GyroYMin: -1.28, GyroZMax: 1.44, GyroZMin: 0.02
GyroX: 5.92, GyroY: 3.31, GyroZ: 1.42, AccelX: 3.44, AccelY: 9.85, AccelZ: 11.85
GyroXMax: 7.94, GyroXMin: -0.07, GyroYMax: 2.03, GyroYMin: -2.03, GyroZMax: 1.44, GyroZMin: 0.02
GyroX: 8.01, GyroY: 4.06, GyroZ: 1.42, AccelX: 3.44, AccelY: 15.91, AccelZ: 11.85
GyroXMax: 7.94, GyroXMin: -0.07, GyroYMax: 2.03, GyroYMin: -2.03, GyroZMax: 2.01, GyroZMin: 0.02
GyroX: 8.01, GyroY: 4.06, GyroZ: 1.98, AccelX: 3.44, AccelY: 17.45, AccelZ: 17.82
GyroXMax: 7.94, GyroXMin: -0.07, GyroYMax: 2.03, GyroYMin: -2.03, GyroZMax: 2.71, GyroZMin: 0.02
GyroX: 8.01, GyroY: 4.06, GyroZ: 2.69, AccelX: 3.44, AccelY: 17.45, AccelZ: 17.82
GyroXMax: 8.20, GyroXMin: -0.07, GyroYMax: 2.03, GyroYMin: -2.03, GyroZMax: 3.00, GyroZMin: 0.03
GyroX: 8.27, GyroY: 4.06, GyroZ: 2.98, AccelX: 3.44, AccelY: 17.45, AccelZ: 17.82
GyroXMax: 8.73, GyroXMin: -0.07, GyroYMax: 2.03, GyroYMin: -2.03, GyroZMax: 3.13, GyroZMin: 0.03
GyroX: 8.80, GyroY: 4.06, GyroZ: 3.11, AccelX: 3.44, AccelY: 17.45, AccelZ: 20.64
GyroXMax: 8.73, GyroXMin: -0.07, GyroYMax: 2.03, GyroYMin: -2.03, GyroZMax: 3.13, GyroZMin: 0.03
GyroX: 8.80, GyroY: 4.06, GyroZ: 3.11, AccelX: 4.10, AccelY: 17.45, AccelZ: 26.08
GyroXMax: 8.73, GyroXMin: -0.07, GyroYMax: 2.14, GyroYMin: -2.03, GyroZMax: 3.13, GyroZMin: -0.16
GyroX: 8.80, GyroY: 4.17, GyroZ: 3.29, AccelX: 5.51, AccelY: 17.45, AccelZ: 26.08
GyroXMax: 8.73, GyroXMin: -0.07, GyroYMax: 2.14, GyroYMin: -2.03, GyroZMax: 3.13, GyroZMin: -1.53
GyroX: 8.80, GyroY: 4.17, GyroZ: 4.66, AccelX: 5.51, AccelY: 17.45, AccelZ: 26.08
GyroXMax: 8.73, GyroXMin: -0.07, GyroYMax: 2.14, GyroYMin: -2.03, GyroZMax: 3.13, GyroZMin: -1.75
GyroX: 8.80, GyroY: 4.17, GyroZ: 4.89, AccelX: 5.83, AccelY: 17.45, AccelZ: 26.08
GyroXMax: 8.73, GyroXMin: -0.07, GyroYMax: 2.14, GyroYMin: -2.03, GyroZMax: 3.13, GyroZMin: -2.05
GyroX: 8.80, GyroY: 4.17, GyroZ: 5.19, AccelX: 6.16, AccelY: 17.45, AccelZ: 29.00
GyroXMax: 8.73, GyroXMin: -0.07, GyroYMax: 2.14, GyroYMin: -2.03, GyroZMax: 3.13, GyroZMin: -2.05
GyroX: 8.80, GyroY: 4.17, GyroZ: 5.19, AccelX: 6.27, AccelY: 17.45, AccelZ: 29.00
GyroXMax: 8.73, GyroXMin: -0.07, GyroYMax: 2.14, GyroYMin: -2.03, GyroZMax: 3.13, GyroZMin: -2.05
GyroX: 8.80, GyroY: 4.17, GyroZ: 5.19, AccelX: 6.27, AccelY: 17.45, AccelZ: 29.00
GyroXMax: 8.73, GyroXMin: -0.07, GyroYMax: 2.14, GyroYMin: -2.03, GyroZMax: 3.13, GyroZMin: -2.29
GyroX: 8.80, GyroY: 4.17, GyroZ: 5.42, AccelX: 6.27, AccelY: 17.45, AccelZ: 29.00
GyroXMax: 8.73, GyroXMin: -0.07, GyroYMax: 2.14, GyroYMin: -2.03, GyroZMax: 3.13, GyroZMin: -2.29
GyroX: 8.80, GyroY: 4.17, GyroZ: 5.42, AccelX: 6.27, AccelY: 17.45, AccelZ: 29.00
GyroXMax: 8.73, GyroXMin: -0.07, GyroYMax: 2.14, GyroYMin: -2.03, GyroZMax: 3.13, GyroZMin: -2.29
GyroX: 8.80, GyroY: 4.17, GyroZ: 5.42, AccelX: 6.27, AccelY: 17.45, AccelZ: 29.00
GyroXMax: 8.73, GyroXMin: -0.07, GyroYMax: 2.14, GyroYMin: -2.03, GyroZMax: 3.13, GyroZMin: -2.29
GyroX: 8.80, GyroY: 4.17, GyroZ: 5.42, AccelX: 6.27, AccelY: 17.45, AccelZ: 32.18
GyroXMax: 8.73, GyroXMin: -0.07, GyroYMax: 2.14, GyroYMin: -2.03, GyroZMax: 3.13, GyroZMin: -2.29
GyroX: 8.80, GyroY: 4.17, GyroZ: 5.42, AccelX: 6.27, AccelY: 17.45, AccelZ: 34.15
GyroXMax: 8.73, GyroXMin: -0.07, GyroYMax: 2.14, GyroYMin: -2.03, GyroZMax: 3.13, GyroZMin: -2.29
GyroX: 8.80, GyroY: 4.17, GyroZ: 5.42, AccelX: 6.27, AccelY: 17.45, AccelZ: 34.15
GyroXMax: 8.73, GyroXMin: -0.04, GyroYMax: 2.14, GyroYMin: -2.03, GyroZMax: 3.13, GyroZMin: -2.29
GyroX: 8.77, GyroY: 4.17, GyroZ: 5.42, AccelX: 6.27, AccelY: 17.45, AccelZ: 34.15
GyroXMax: 8.73, GyroXMin: -0.04, GyroYMax: 2.14, GyroYMin: -2.03, GyroZMax: 3.13, GyroZMin: -2.29
GyroX: 8.77, GyroY: 4.17, GyroZ: 5.42, AccelX: 6.27, AccelY: 17.08, AccelZ: 34.15
GyroXMax: 8.73, GyroXMin: -0.04, GyroYMax: 2.14, GyroYMin: -2.03, GyroZMax: 3.13, GyroZMin: -2.29
GyroX: 8.77, GyroY: 4.17, GyroZ: 5.42, AccelX: 6.27, AccelY: 16.52, AccelZ: 34.15
GyroXMax: 8.73, GyroXMin: -0.04, GyroYMax: 2.14, GyroYMin: -2.03, GyroZMax: 3.13, GyroZMin: -2.29
GyroX: 8.77, GyroY: 4.17, GyroZ: 5.42, AccelX: 6.27, AccelY: 16.52, AccelZ: 34.15
GyroXMax: 8.73, GyroXMin: -0.04, GyroYMax: 2.14, GyroYMin: -2.03, GyroZMax: 3.13, GyroZMin: -2.29
GyroX: 8.77, GyroY: 4.17, GyroZ: 5.42, AccelX: 6.27, AccelY: 17.13, AccelZ: 34.15
GyroXMax: 8.73, GyroXMin: -0.42, GyroYMax: 2.14, GyroYMin: -3.16, GyroZMax: 3.13, GyroZMin: -2.29
GyroX: 9.15, GyroY: 5.30, GyroZ: 5.42, AccelX: 6.27, AccelY: 18.56, AccelZ: 34.15
GyroXMax: 8.73, GyroXMin: -1.55, GyroYMax: 2.14, GyroYMin: -3.16, GyroZMax: 3.13, GyroZMin: -2.29
GyroX: 10.28, GyroY: 5.30, GyroZ: 5.42, AccelX: 6.27, AccelY: 18.56, AccelZ: 34.29
GyroXMax: 8.73, GyroXMin: -1.55, GyroYMax: 2.14, GyroYMin: -3.16, GyroZMax: 3.13, GyroZMin: -2.29
GyroX: 10.28, GyroY: 5.30, GyroZ: 5.42, AccelX: 6.27, AccelY: 18.56, AccelZ: 35.88
GyroXMax: 8.73, GyroXMin: -1.55, GyroYMax: 2.14, GyroYMin: -3.16, GyroZMax: 3.13, GyroZMin: -2.29
GyroX: 10.28, GyroY: 5.30, GyroZ: 5.42, AccelX: 6.27, AccelY: 18.56, AccelZ: 35.88
GyroXMax: 8.73, GyroXMin: -1.55, GyroYMax: 2.14, GyroYMin: -3.16, GyroZMax: 3.13, GyroZMin: -2.29
GyroX: 10.28, GyroY: 5.30, GyroZ: 5.42, AccelX: 6.98, AccelY: 18.56, AccelZ: 35.88
GyroXMax: 8.73, GyroXMin: -1.55, GyroYMax: 2.14, GyroYMin: -3.16, GyroZMax: 3.13, GyroZMin: -2.29
GyroX: 10.28, GyroY: 5.30, GyroZ: 5.42, AccelX: 6.98, AccelY: 18.56, AccelZ: 40.41
GyroXMax: 8.73, GyroXMin: -1.59, GyroYMax: 2.14, GyroYMin: -3.16, GyroZMax: 3.13, GyroZMin: -2.29
GyroX: 10.33, GyroY: 5.30, GyroZ: 5.42, AccelX: 6.98, AccelY: 37.70, AccelZ: 48.18
GyroXMax: 8.73, GyroXMin: -1.59, GyroYMax: 8.53, GyroYMin: -3.16, GyroZMax: 5.03, GyroZMin: -2.29
GyroX: 10.33, GyroY: 11.69, GyroZ: 7.32, AccelX: 19.01, AccelY: 37.70, AccelZ: 42.83
GyroXMax: 8.73, GyroXMin: -1.59, GyroYMax: 8.73, GyroYMin: -3.16, GyroZMax: 5.03, GyroZMin: -2.29
GyroX: 10.33, GyroY: 11.89, GyroZ: 7.32, AccelX: 32.78, AccelY: 37.94, AccelZ: 46.19
GyroXMax: 8.73, GyroXMin: -1.59, GyroYMax: 8.73, GyroYMin: -3.16, GyroZMax: 5.03, GyroZMin: -2.29
GyroX: 10.33, GyroY: 11.89, GyroZ: 7.32, AccelX: 32.78, AccelY: 45.91, AccelZ: 72.07
GyroXMax: 8.73, GyroXMin: -1.59, GyroYMax: 8.73, GyroYMin: -3.16, GyroZMax: 5.03, GyroZMin: -2.29
GyroX: 10.33, GyroY: 11.89, GyroZ: 7.32, AccelX: 32.78, AccelY: 45.91, AccelZ: 78.45
GyroXMax: 8.73, GyroXMin: -1.59, GyroYMax: 8.73, GyroYMin: -3.16, GyroZMax: 5.03, GyroZMin: -2.29
GyroX: 10.33, GyroY: 11.89, GyroZ: 7.32, AccelX: 32.78, AccelY: 45.91, AccelZ: 78.45
GyroXMax: 8.00, GyroXMin: -2.40, GyroYMax: 8.73, GyroYMin: -4.59, GyroZMax: 5.03, GyroZMin: -2.29
GyroX: 10.40, GyroY: 13.32, GyroZ: 7.32, AccelX: 32.78, AccelY: 45.91, AccelZ: 78.45
GyroXMax: 7.09, GyroXMin: -2.40, GyroYMax: 8.73, GyroYMin: -4.90, GyroZMax: 5.03, GyroZMin: -2.29
GyroX: 9.49, GyroY: 13.64, GyroZ: 7.32, AccelX: 32.78, AccelY: 45.91, AccelZ: 78.45
GyroXMax: 6.67, GyroXMin: -2.40, GyroYMax: 8.73, GyroYMin: -5.20, GyroZMax: 5.03, GyroZMin: -2.29
GyroX: 9.07, GyroY: 13.93, GyroZ: 7.32, AccelX: 32.78, AccelY: 45.91, AccelZ: 78.45
GyroXMax: 5.13, GyroXMin: -2.40, GyroYMax: 8.73, GyroYMin: -5.20, GyroZMax: 5.03, GyroZMin: -2.29
GyroX: 7.52, GyroY: 13.93, GyroZ: 7.32, AccelX: 32.78, AccelY: 45.91, AccelZ: 78.45
GyroXMax: 3.70, GyroXMin: -2.40, GyroYMax: 8.73, GyroYMin: -5.20, GyroZMax: 5.03, GyroZMin: -2.29
GyroX: 6.10, GyroY: 13.93, GyroZ: 7.32, AccelX: 32.78, AccelY: 45.91, AccelZ: 78.45
GyroXMax: 3.38, GyroXMin: -2.40, GyroYMax: 8.73, GyroYMin: -5.20, GyroZMax: 5.03, GyroZMin: -2.29
GyroX: 5.78, GyroY: 13.93, GyroZ: 7.32, AccelX: 32.29, AccelY: 45.91, AccelZ: 78.45
GyroXMax: 3.38, GyroXMin: -2.40, GyroYMax: 8.73, GyroYMin: -5.20, GyroZMax: 5.03, GyroZMin: -2.29
GyroX: 5.78, GyroY: 13.93, GyroZ: 7.32, AccelX: 32.29, AccelY: 45.91, AccelZ: 78.45
GyroXMax: 3.38, GyroXMin: -2.40, GyroYMax: 8.73, GyroYMin: -5.20, GyroZMax: 5.03, GyroZMin: -2.15
GyroX: 5.78, GyroY: 13.93, GyroZ: 7.18, AccelX: 32.29, AccelY: 45.91, AccelZ: 78.45
GyroXMax: 3.38, GyroXMin: -2.40, GyroYMax: 8.73, GyroYMin: -5.20, GyroZMax: 5.03, GyroZMin: -2.15
GyroX: 5.78, GyroY: 13.93, GyroZ: 7.18, AccelX: 32.29, AccelY: 45.91, AccelZ: 78.45
GyroXMax: 3.38, GyroXMin: -2.40, GyroYMax: 8.73, GyroYMin: -5.20, GyroZMax: 5.03, GyroZMin: -2.15
GyroX: 5.78, GyroY: 13.93, GyroZ: 7.18, AccelX: 32.29, AccelY: 45.91, AccelZ: 78.45
GyroXMax: 3.38, GyroXMin: -2.40, GyroYMax: 8.73, GyroYMin: -5.20, GyroZMax: 5.03, GyroZMin: -1.91
GyroX: 5.78, GyroY: 13.93, GyroZ: 6.94, AccelX: 32.29, AccelY: 45.91, AccelZ: 78.45
GyroXMax: 3.38, GyroXMin: -2.40, GyroYMax: 8.73, GyroYMin: -5.20, GyroZMax: 5.03, GyroZMin: -1.91
GyroX: 5.78, GyroY: 13.93, GyroZ: 6.94, AccelX: 32.29, AccelY: 45.91, AccelZ: 78.45
GyroXMax: 3.38, GyroXMin: -2.40, GyroYMax: 8.73, GyroYMin: -5.20, GyroZMax: 5.03, GyroZMin: -1.91
GyroX: 5.78, GyroY: 13.93, GyroZ: 6.94, AccelX: 32.29, AccelY: 45.91, AccelZ: 78.45
GyroXMax: 3.38, GyroXMin: -2.40, GyroYMax: 8.73, GyroYMin: -5.20, GyroZMax: 5.03, GyroZMin: -1.91
GyroX: 5.78, GyroY: 13.93, GyroZ: 6.94, AccelX: 32.29, AccelY: 45.91, AccelZ: 78.45
GyroXMax: 3.38, GyroXMin: -2.40, GyroYMax: 8.73, GyroYMin: -5.20, GyroZMax: 5.03, GyroZMin: -1.91
GyroX: 5.78, GyroY: 13.93, GyroZ: 6.94, AccelX: 32.16, AccelY: 45.91, AccelZ: 78.45
GyroXMax: 3.38, GyroXMin: -2.40, GyroYMax: 8.73, GyroYMin: -5.20, GyroZMax: 5.03, GyroZMin: -1.91
GyroX: 5.78, GyroY: 13.93, GyroZ: 6.94, AccelX: 31.08, AccelY: 45.91, AccelZ: 78.45
GyroXMax: 3.38, GyroXMin: -2.40, GyroYMax: 8.73, GyroYMin: -5.20, GyroZMax: 5.03, GyroZMin: -1.91
GyroX: 5.78, GyroY: 13.93, GyroZ: 6.94, AccelX: 31.08, AccelY: 45.91, AccelZ: 78.45
GyroXMax: 3.38, GyroXMin: -2.40, GyroYMax: 8.73, GyroYMin: -5.20, GyroZMax: 5.03, GyroZMin: -1.91
GyroX: 5.78, GyroY: 13.93, GyroZ: 6.94, AccelX: 31.08, AccelY: 45.91, AccelZ: 78.45
GyroXMax: 3.38, GyroXMin: -2.40, GyroYMax: 8.73, GyroYMin: -5.20, GyroZMax: 5.03, GyroZMin: -1.91
GyroX: 5.78, GyroY: 13.93, GyroZ: 6.94, AccelX: 31.08, AccelY: 45.91, AccelZ: 78.45
GyroXMax: 3.38, GyroXMin: -2.40, GyroYMax: 8.73, GyroYMin: -5.20, GyroZMax: 5.03, GyroZMin: -1.91
GyroX: 5.78, GyroY: 13.93, GyroZ: 6.94, AccelX: 31.08, AccelY: 45.91, AccelZ: 78.45
GyroXMax: 3.38, GyroXMin: -2.40, GyroYMax: 8.73, GyroYMin: -5.20, GyroZMax: 5.03, GyroZMin: -1.90
GyroX: 5.78, GyroY: 13.93, GyroZ: 6.93, AccelX: 31.08, AccelY: 45.91, AccelZ: 78.45
GyroXMax: 3.38, GyroXMin: -2.40, GyroYMax: 8.73, GyroYMin: -5.20, GyroZMax: 5.03, GyroZMin: -1.90
GyroX: 5.78, GyroY: 13.93, GyroZ: 6.93, AccelX: 31.08, AccelY: 45.91, AccelZ: 78.45
GyroXMax: 3.38, GyroXMin: -2.56, GyroYMax: 8.73, GyroYMin: -5.20, GyroZMax: 5.03, GyroZMin: -1.90
GyroX: 5.94, GyroY: 13.93, GyroZ: 6.93, AccelX: 31.08, AccelY: 45.91, AccelZ: 78.45
GyroXMax: 3.38, GyroXMin: -2.56, GyroYMax: 8.73, GyroYMin: -5.20, GyroZMax: 5.03, GyroZMin: -1.90
GyroX: 5.94, GyroY: 13.93, GyroZ: 6.93, AccelX: 31.08, AccelY: 45.91, AccelZ: 78.45
GyroXMax: 3.38, GyroXMin: -2.56, GyroYMax: 8.73, GyroYMin: -5.20, GyroZMax: 5.03, GyroZMin: -1.90
GyroX: 5.94, GyroY: 13.93, GyroZ: 6.93, AccelX: 30.30, AccelY: 45.56, AccelZ: 78.45
GyroXMax: 3.38, GyroXMin: -2.56, GyroYMax: 8.73, GyroYMin: -5.20, GyroZMax: 4.54, GyroZMin: -1.90
GyroX: 5.94, GyroY: 13.93, GyroZ: 6.44, AccelX: 30.30, AccelY: 45.56, AccelZ: 78.45
GyroXMax: 3.36, GyroXMin: -2.56, GyroYMax: 8.73, GyroYMin: -5.20, GyroZMax: 4.54, GyroZMin: -1.90
GyroX: 5.93, GyroY: 13.93, GyroZ: 6.44, AccelX: 28.36, AccelY: 45.56, AccelZ: 78.45
GyroXMax: 3.36, GyroXMin: -2.56, GyroYMax: 8.73, GyroYMin: -5.20, GyroZMax: 4.54, GyroZMin: -1.90
GyroX: 5.93, GyroY: 13.93, GyroZ: 6.44, AccelX: 28.36, AccelY: 42.97, AccelZ: 78.45
GyroXMax: 3.36, GyroXMin: -2.62, GyroYMax: 8.73, GyroYMin: -5.20, GyroZMax: 4.54, GyroZMin: -2.01
GyroX: 5.98, GyroY: 13.93, GyroZ: 6.55, AccelX: 28.36, AccelY: 42.97, AccelZ: 78.45
GyroXMax: 3.36, GyroXMin: -2.62, GyroYMax: 8.73, GyroYMin: -5.75, GyroZMax: 4.54, GyroZMin: -2.01
GyroX: 5.98, GyroY: 14.48, GyroZ: 6.55, AccelX: 28.36, AccelY: 42.97, AccelZ: 78.45
GyroXMax: 3.36, GyroXMin: -2.62, GyroYMax: 8.73, GyroYMin: -5.75, GyroZMax: 4.54, GyroZMin: -2.01
GyroX: 5.98, GyroY: 14.48, GyroZ: 6.55, AccelX: 28.36, AccelY: 42.97, AccelZ: 78.45
GyroXMax: 3.36, GyroXMin: -2.62, GyroYMax: 8.73, GyroYMin: -5.75, GyroZMax: 4.54, GyroZMin: -2.01
GyroX: 5.98, GyroY: 14.48, GyroZ: 6.55, AccelX: 29.28, AccelY: 42.97, AccelZ: 78.45
GyroXMax: 3.36, GyroXMin: -2.62, GyroYMax: 8.73, GyroYMin: -5.75, GyroZMax: 4.54, GyroZMin: -2.01
GyroX: 5.98, GyroY: 14.48, GyroZ: 6.55, AccelX: 29.28, AccelY: 42.97, AccelZ: 78.45
GyroXMax: 3.36, GyroXMin: -2.62, GyroYMax: 8.73, GyroYMin: -5.75, GyroZMax: 4.54, GyroZMin: -2.01
GyroX: 5.98, GyroY: 14.48, GyroZ: 6.55, AccelX: 29.28, AccelY: 42.97, AccelZ: 78.45
GyroXMax: 3.36, GyroXMin: -2.62, GyroYMax: 8.73, GyroYMin: -5.75, GyroZMax: 4.54, GyroZMin: -2.01
GyroX: 5.98, GyroY: 14.48, GyroZ: 6.55, AccelX: 29.28, AccelY: 42.97, AccelZ: 78.45
GyroXMax: 3.36, GyroXMin: -2.62, GyroYMax: 8.73, GyroYMin: -5.75, GyroZMax: 4.54, GyroZMin: -2.01
GyroX: 5.98, GyroY: 14.48, GyroZ: 6.55, AccelX: 29.28, AccelY: 42.97, AccelZ: 78.45
GyroXMax: 3.36, GyroXMin: -2.62, GyroYMax: 8.73, GyroYMin: -5.75, GyroZMax: 4.54, GyroZMin: -2.01
GyroX: 5.98, GyroY: 14.48, GyroZ: 6.55, AccelX: 29.28, AccelY: 42.97, AccelZ: 78.45
GyroXMax: 3.36, GyroXMin: -2.62, GyroYMax: 8.73, GyroYMin: -5.75, GyroZMax: 4.54, GyroZMin: -2.01
GyroX: 5.98, GyroY: 14.48, GyroZ: 6.55, AccelX: 29.28, AccelY: 42.97, AccelZ: 78.45
GyroXMax: 3.36, GyroXMin: -2.62, GyroYMax: 8.73, GyroYMin: -5.75, GyroZMax: 4.54, GyroZMin: -2.01
GyroX: 5.98, GyroY: 14.48, GyroZ: 6.55, AccelX: 29.28, AccelY: 42.97, AccelZ: 78.45
GyroXMax: 3.36, GyroXMin: -2.62, GyroYMax: 8.73, GyroYMin: -5.75, GyroZMax: 4.54, GyroZMin: -2.01
GyroX: 5.98, GyroY: 14.48, GyroZ: 6.55, AccelX: 29.28, AccelY: 42.97, AccelZ: 78.45
GyroXMax: 3.36, GyroXMin: -2.62, GyroYMax: 8.73, GyroYMin: -5.75, GyroZMax: 4.54, GyroZMin: -2.01
GyroX: 5.98, GyroY: 14.48, GyroZ: 6.55, AccelX: 29.28, AccelY: 42.97, AccelZ: 78.45
GyroXMax: 3.36, GyroXMin: -2.62, GyroYMax: 8.73, GyroYMin: -5.75, GyroZMax: 4.54, GyroZMin: -2.01
GyroX: 5.98, GyroY: 14.48, GyroZ: 6.55, AccelX: 29.28, AccelY: 42.97, AccelZ: 78.45
GyroXMax: 3.36, GyroXMin: -2.62, GyroYMax: 8.73, GyroYMin: -5.75, GyroZMax: 4.54, GyroZMin: -2.01
GyroX: 5.98, GyroY: 14.48, GyroZ: 6.55, AccelX: 29.28, AccelY: 42.97, AccelZ: 78.45
GyroXMax: 3.36, GyroXMin: -2.62, GyroYMax: 8.73, GyroYMin: -5.75, GyroZMax: 4.54, GyroZMin: -2.01
GyroX: 5.98, GyroY: 14.48, GyroZ: 6.55, AccelX: 29.28, AccelY: 42.97, AccelZ: 78.45
GyroXMax: 3.36, GyroXMin: -2.62, GyroYMax: 8.73, GyroYMin: -5.75, GyroZMax: 4.54, GyroZMin: -2.01
GyroX: 5.98, GyroY: 14.48, GyroZ: 6.55, AccelX: 29.28, AccelY: 42.97, AccelZ: 78.45
GyroXMax: 3.36, GyroXMin: -2.62, GyroYMax: 8.73, GyroYMin: -5.75, GyroZMax: 4.54, GyroZMin: -2.01
GyroX: 5.98, GyroY: 14.48, GyroZ: 6.55, AccelX: 29.28, AccelY: 42.97, AccelZ: 78.45
GyroXMax: 3.36, GyroXMin: -2.62, GyroYMax: 8.73, GyroYMin: -5.75, GyroZMax: 4.54, GyroZMin: -2.01
GyroX: 5.98, GyroY: 14.48, GyroZ: 6.55, AccelX: 29.28, AccelY: 42.97, AccelZ: 78.45
GyroXMax: 3.36, GyroXMin: -2.62, GyroYMax: 8.73, GyroYMin: -5.75, GyroZMax: 4.54, GyroZMin: -2.01
GyroX: 5.98, GyroY: 14.48, GyroZ: 6.55, AccelX: 29.28, AccelY: 42.97, AccelZ: 78.45
GyroXMax: 3.36, GyroXMin: -2.62, GyroYMax: 8.73, GyroYMin: -5.75, GyroZMax: 4.54, GyroZMin: -2.01
GyroX: 5.98, GyroY: 14.48, GyroZ: 6.55, AccelX: 29.28, AccelY: 42.97, AccelZ: 78.45
GyroXMax: 3.36, GyroXMin: -2.62, GyroYMax: 8.73, GyroYMin: -5.75, GyroZMax: 4.54, GyroZMin: -2.01
GyroX: 5.98, GyroY: 14.48, GyroZ: 6.55, AccelX: 29.28, AccelY: 42.97, AccelZ: 78.45
GyroXMax: 3.36, GyroXMin: -2.62, GyroYMax: 8.73, GyroYMin: -5.75, GyroZMax: 4.54, GyroZMin: -2.01
GyroX: 5.98, GyroY: 14.48, GyroZ: 6.55, AccelX: 29.28, AccelY: 42.97, AccelZ: 78.45
GyroXMax: 3.36, GyroXMin: -2.62, GyroYMax: 8.73, GyroYMin: -5.75, GyroZMax: 4.54, GyroZMin: -2.01
GyroX: 5.98, GyroY: 14.48, GyroZ: 6.55, AccelX: 29.28, AccelY: 42.97, AccelZ: 78.45
GyroXMax: 3.36, GyroXMin: -2.62, GyroYMax: 8.73, GyroYMin: -5.75, GyroZMax: 4.54, GyroZMin: -2.01
GyroX: 5.98, GyroY: 14.48, GyroZ: 6.55, AccelX: 29.28, AccelY: 25.19, AccelZ: 78.45
GyroXMax: 3.36, GyroXMin: -2.62, GyroYMax: 8.73, GyroYMin: -5.75, GyroZMax: 3.47, GyroZMin: -2.01
GyroX: 5.98, GyroY: 14.48, GyroZ: 5.48, AccelX: 29.28, AccelY: 21.70, AccelZ: 71.37
GyroXMax: 2.64, GyroXMin: -2.62, GyroYMax: 5.39, GyroYMin: -5.75, GyroZMax: 1.61, GyroZMin: -2.01
GyroX: 5.25, GyroY: 11.14, GyroZ: 3.63, AccelX: 14.99, AccelY: 21.70, AccelZ: 71.37
GyroXMax: 1.33, GyroXMin: -2.62, GyroYMax: 0.68, GyroYMin: -5.75, GyroZMax: 0.56, GyroZMin: -2.01
GyroX: 3.95, GyroY: 6.43, GyroZ: 2.57, AccelX: 7.75, AccelY: 21.70, AccelZ: 74.93
GyroXMax: 1.33, GyroXMin: -2.62, GyroYMax: 4.92, GyroYMin: -5.75, GyroZMax: 2.69, GyroZMin: -2.01
GyroX: 3.95, GyroY: 10.67, GyroZ: 4.70, AccelX: 7.62, AccelY: 42.51, AccelZ: 56.30
GyroXMax: 1.77, GyroXMin: -2.62, GyroYMax: 8.73, GyroYMin: -5.75, GyroZMax: 4.63, GyroZMin: -2.01
GyroX: 4.39, GyroY: 14.48, GyroZ: 6.64, AccelX: 32.39, AccelY: 42.63, AccelZ: 40.65
GyroXMax: 4.48, GyroXMin: -1.93, GyroYMax: 8.73, GyroYMin: -5.75, GyroZMax: 4.63, GyroZMin: -1.78
GyroX: 6.41, GyroY: 14.48, GyroZ: 6.41, AccelX: 32.39, AccelY: 42.63, AccelZ: 53.51
GyroXMax: 4.48, GyroXMin: -1.09, GyroYMax: 8.73, GyroYMin: -4.32, GyroZMax: 4.63, GyroZMin: -1.00
GyroX: 5.57, GyroY: 13.05, GyroZ: 5.63, AccelX: 32.39, AccelY: 43.55, AccelZ: 78.45
GyroXMax: 4.48, GyroXMin: -1.09, GyroYMax: 8.73, GyroYMin: -1.88, GyroZMax: 4.63, GyroZMin: -1.34
GyroX: 5.57, GyroY: 10.61, GyroZ: 5.97, AccelX: 32.39, AccelY: 43.55, AccelZ: 78.45
GyroXMax: 4.48, GyroXMin: -1.61, GyroYMax: 8.73, GyroYMin: -6.36, GyroZMax: 4.63, GyroZMin: -1.34
GyroX: 6.10, GyroY: 15.09, GyroZ: 5.97, AccelX: 32.16, AccelY: 43.55, AccelZ: 78.45
GyroXMax: 4.48, GyroXMin: -1.98, GyroYMax: 8.73, GyroYMin: -7.34, GyroZMax: 4.63, GyroZMin: -1.34
GyroX: 6.46, GyroY: 16.07, GyroZ: 5.97, AccelX: 32.16, AccelY: 43.55, AccelZ: 78.45
GyroXMax: 4.48, GyroXMin: -1.98, GyroYMax: 8.73, GyroYMin: -7.34, GyroZMax: 4.63, GyroZMin: -1.34
GyroX: 6.46, GyroY: 16.07, GyroZ: 5.97, AccelX: 32.16, AccelY: 43.55, AccelZ: 78.45
GyroXMax: 4.48, GyroXMin: -1.98, GyroYMax: 8.73, GyroYMin: -7.34, GyroZMax: 4.63, GyroZMin: -1.34
GyroX: 6.46, GyroY: 16.07, GyroZ: 5.97, AccelX: 31.16, AccelY: 43.55, AccelZ: 78.45
GyroXMax: 4.48, GyroXMin: -1.98, GyroYMax: 8.73, GyroYMin: -7.34, GyroZMax: 4.63, GyroZMin: -1.34
GyroX: 6.46, GyroY: 16.07, GyroZ: 5.97, AccelX: 31.16, AccelY: 43.55, AccelZ: 78.45
GyroXMax: 4.48, GyroXMin: -1.98, GyroYMax: 8.73, GyroYMin: -7.34, GyroZMax: 4.63, GyroZMin: -1.34
GyroX: 6.46, GyroY: 16.07, GyroZ: 5.97, AccelX: 31.16, AccelY: 43.55, AccelZ: 78.45
GyroXMax: 4.48, GyroXMin: -1.98, GyroYMax: 8.73, GyroYMin: -7.34, GyroZMax: 4.63, GyroZMin: -1.34
GyroX: 6.46, GyroY: 16.07, GyroZ: 5.97, AccelX: 31.05, AccelY: 43.55, AccelZ: 78.45
GyroXMax: 4.48, GyroXMin: -1.98, GyroYMax: 8.73, GyroYMin: -7.34, GyroZMax: 4.63, GyroZMin: -1.34
GyroX: 6.46, GyroY: 16.07, GyroZ: 5.97, AccelX: 31.03, AccelY: 43.55, AccelZ: 78.45
GyroXMax: 4.48, GyroXMin: -1.98, GyroYMax: 8.73, GyroYMin: -7.34, GyroZMax: 4.63, GyroZMin: -1.34
GyroX: 6.46, GyroY: 16.07, GyroZ: 5.97, AccelX: 31.03, AccelY: 43.55, AccelZ: 78.45
GyroXMax: 4.48, GyroXMin: -1.98, GyroYMax: 8.73, GyroYMin: -7.34, GyroZMax: 4.63, GyroZMin: -1.34
GyroX: 6.46, GyroY: 16.07, GyroZ: 5.97, AccelX: 31.03, AccelY: 43.55, AccelZ: 78.45
GyroXMax: 4.48, GyroXMin: -1.98, GyroYMax: 8.73, GyroYMin: -7.34, GyroZMax: 4.63, GyroZMin: -1.34
GyroX: 6.46, GyroY: 16.07, GyroZ: 5.97, AccelX: 31.03, AccelY: 43.55, AccelZ: 78.45
GyroXMax: 4.48, GyroXMin: -1.98, GyroYMax: 8.73, GyroYMin: -7.34, GyroZMax: 4.63, GyroZMin: -1.34
GyroX: 6.46, GyroY: 16.07, GyroZ: 5.97, AccelX: 31.03, AccelY: 43.55, AccelZ: 78.45
GyroXMax: 4.48, GyroXMin: -1.98, GyroYMax: 8.73, GyroYMin: -7.34, GyroZMax: 4.63, GyroZMin: -1.34
GyroX: 6.46, GyroY: 16.07, GyroZ: 5.97, AccelX: 31.03, AccelY: 43.55, AccelZ: 78.45
GyroXMax: 4.48, GyroXMin: -1.98, GyroYMax: 8.73, GyroYMin: -7.34, GyroZMax: 4.63, GyroZMin: -1.34
GyroX: 6.46, GyroY: 16.07, GyroZ: 5.97, AccelX: 31.03, AccelY: 43.55, AccelZ: 78.45
GyroXMax: 4.48, GyroXMin: -1.98, GyroYMax: 8.73, GyroYMin: -7.34, GyroZMax: 4.63, GyroZMin: -1.34
GyroX: 6.46, GyroY: 16.07, GyroZ: 5.97, AccelX: 31.03, AccelY: 43.55, AccelZ: 78.45
GyroXMax: 4.48, GyroXMin: -1.98, GyroYMax: 8.73, GyroYMin: -7.34, GyroZMax: 4.63, GyroZMin: -1.34
GyroX: 6.46, GyroY: 16.07, GyroZ: 5.97, AccelX: 31.03, AccelY: 43.55, AccelZ: 78.45
GyroXMax: 4.48, GyroXMin: -1.98, GyroYMax: 8.73, GyroYMin: -7.34, GyroZMax: 4.63, GyroZMin: -1.34
GyroX: 6.46, GyroY: 16.07, GyroZ: 5.97, AccelX: 31.03, AccelY: 43.55, AccelZ: 78.45
GyroXMax: 4.48, GyroXMin: -1.98, GyroYMax: 8.73, GyroYMin: -7.34, GyroZMax: 4.63, GyroZMin: -1.34
GyroX: 6.46, GyroY: 16.07, GyroZ: 5.97, AccelX: 31.03, AccelY: 43.55, AccelZ: 78.45
GyroXMax: 4.48, GyroXMin: -1.98, GyroYMax: 8.73, GyroYMin: -7.34, GyroZMax: 4.63, GyroZMin: -1.34
GyroX: 6.46, GyroY: 16.07, GyroZ: 5.97, AccelX: 31.03, AccelY: 43.55, AccelZ: 78.45
GyroXMax: 4.48, GyroXMin: -1.98, GyroYMax: 8.73, GyroYMin: -7.34, GyroZMax: 4.63, GyroZMin: -1.34
GyroX: 6.46, GyroY: 16.07, GyroZ: 5.97, AccelX: 31.03, AccelY: 43.55, AccelZ: 78.45
GyroXMax: 4.48, GyroXMin: -1.98, GyroYMax: 8.73, GyroYMin: -7.34, GyroZMax: 4.63, GyroZMin: -1.34
GyroX: 6.46, GyroY: 16.07, GyroZ: 5.97, AccelX: 31.03, AccelY: 43.55, AccelZ: 78.45
GyroXMax: 4.48, GyroXMin: -1.98, GyroYMax: 8.73, GyroYMin: -7.34, GyroZMax: 4.63, GyroZMin: -1.34
GyroX: 6.46, GyroY: 16.07, GyroZ: 5.97, AccelX: 31.03, AccelY: 43.55, AccelZ: 78.45
GyroXMax: 4.48, GyroXMin: -1.98, GyroYMax: 8.73, GyroYMin: -7.34, GyroZMax: 4.63, GyroZMin: -1.34
GyroX: 6.46, GyroY: 16.07, GyroZ: 5.97, AccelX: 31.03, AccelY: 43.55, AccelZ: 78.45
GyroXMax: 4.48, GyroXMin: -1.98, GyroYMax: 8.73, GyroYMin: -7.34, GyroZMax: 4.63, GyroZMin: -1.34
GyroX: 6.46, GyroY: 16.07, GyroZ: 5.97, AccelX: 31.03, AccelY: 43.55, AccelZ: 78.45
GyroXMax: 4.48, GyroXMin: -1.98, GyroYMax: 8.73, GyroYMin: -7.34, GyroZMax: 4.63, GyroZMin: -1.34
GyroX: 6.46, GyroY: 16.07, GyroZ: 5.97, AccelX: 31.03, AccelY: 43.55, AccelZ: 78.45
GyroXMax: 4.48, GyroXMin: -1.98, GyroYMax: 8.73, GyroYMin: -7.34, GyroZMax: 4.63, GyroZMin: -1.34
GyroX: 6.46, GyroY: 16.07, GyroZ: 5.97, AccelX: 31.03, AccelY: 19.76, AccelZ: 73.62
GyroXMax: 4.48, GyroXMin: -1.98, GyroYMax: 8.73, GyroYMin: -7.34, GyroZMax: 2.19, GyroZMin: -1.34
GyroX: 6.46, GyroY: 16.07, GyroZ: 3.53, AccelX: 27.67, AccelY: 19.76, AccelZ: 72.17
GyroXMax: 2.59, GyroXMin: -1.98, GyroYMax: 6.59, GyroYMin: -7.34, GyroZMax: 0.57, GyroZMin: -1.34
GyroX: 4.57, GyroY: 13.93, GyroZ: 1.91, AccelX: 15.69, AccelY: 19.76, AccelZ: 72.17
GyroXMax: 0.24, GyroXMin: -1.98, GyroYMax: 0.64, GyroYMin: -7.34, GyroZMax: 0.57, GyroZMin: -1.61
GyroX: 2.22, GyroY: 7.99, GyroZ: 2.18, AccelX: 10.04, AccelY: 17.49, AccelZ: 72.17
GyroXMax: 0.24, GyroXMin: -1.98, GyroYMax: 0.64, GyroYMin: -7.34, GyroZMax: 0.57, GyroZMin: -1.73
GyroX: 2.22, GyroY: 7.99, GyroZ: 2.30, AccelX: 10.04, AccelY: 17.49, AccelZ: 55.06
GyroXMax: 0.24, GyroXMin: -1.98, GyroYMax: 0.64, GyroYMin: -7.34, GyroZMax: 0.57, GyroZMin: -1.73
GyroX: 2.22, GyroY: 7.99, GyroZ: 2.30, AccelX: 9.46, AccelY: 25.68, AccelZ: 32.65
GyroXMax: 1.33, GyroXMin: -1.04, GyroYMax: 6.28, GyroYMin: -4.86, GyroZMax: 3.49, GyroZMin: -1.73
GyroX: 2.37, GyroY: 11.14, GyroZ: 5.22, AccelX: 9.43, AccelY: 37.97, AccelZ: 32.65
GyroXMax: 3.15, GyroXMin: -1.04, GyroYMax: 8.73, GyroYMin: -2.56, GyroZMax: 5.29, GyroZMin: -1.73
GyroX: 4.20, GyroY: 11.30, GyroZ: 7.02, AccelX: 31.68, AccelY: 37.97, AccelZ: 32.65
GyroXMax: 6.25, GyroXMin: -1.04, GyroYMax: 8.73, GyroYMin: -2.56, GyroZMax: 5.29, GyroZMin: -1.73
GyroX: 7.29, GyroY: 11.30, GyroZ: 7.02, AccelX: 31.68, AccelY: 43.37, AccelZ: 52.78
GyroXMax: 6.25, GyroXMin: -1.04, GyroYMax: 8.73, GyroYMin: -2.56, GyroZMax: 5.29, GyroZMin: -1.73
GyroX: 7.29, GyroY: 11.30, GyroZ: 7.02, AccelX: 31.68, AccelY: 43.37, AccelZ: 63.66
GyroXMax: 6.25, GyroXMin: -1.33, GyroYMax: 8.73, GyroYMin: -2.56, GyroZMax: 5.29, GyroZMin: -1.73
GyroX: 7.58, GyroY: 11.30, GyroZ: 7.02, AccelX: 31.60, AccelY: 43.37, AccelZ: 76.00
GyroXMax: 6.25, GyroXMin: -1.95, GyroYMax: 8.73, GyroYMin: -2.56, GyroZMax: 5.29, GyroZMin: -1.73
GyroX: 8.19, GyroY: 11.30, GyroZ: 7.02, AccelX: 31.60, AccelY: 43.37, AccelZ: 76.00
GyroXMax: 6.25, GyroXMin: -3.75, GyroYMax: 8.73, GyroYMin: -5.08, GyroZMax: 5.29, GyroZMin: -2.09
GyroX: 10.00, GyroY: 13.81, GyroZ: 7.38, AccelX: 31.60, AccelY: 43.37, AccelZ: 76.00
GyroXMax: 6.25, GyroXMin: -3.75, GyroYMax: 8.73, GyroYMin: -6.21, GyroZMax: 5.29, GyroZMin: -2.09
GyroX: 10.00, GyroY: 14.94, GyroZ: 7.38, AccelX: 31.60, AccelY: 43.37, AccelZ: 76.00
GyroXMax: 6.25, GyroXMin: -3.75, GyroYMax: 8.73, GyroYMin: -6.21, GyroZMax: 5.29, GyroZMin: -2.09
GyroX: 10.00, GyroY: 14.94, GyroZ: 7.38, AccelX: 31.60, AccelY: 43.37, AccelZ: 76.00
GyroXMax: 6.25, GyroXMin: -3.75, GyroYMax: 8.73, GyroYMin: -6.21, GyroZMax: 5.29, GyroZMin: -2.09
GyroX: 10.00, GyroY: 14.94, GyroZ: 7.38, AccelX: 32.11, AccelY: 43.37, AccelZ: 76.00
GyroXMax: 6.25, GyroXMin: -3.75, GyroYMax: 8.73, GyroYMin: -6.21, GyroZMax: 5.29, GyroZMin: -2.09
GyroX: 10.00, GyroY: 14.94, GyroZ: 7.38, AccelX: 32.11, AccelY: 43.37, AccelZ: 76.00
GyroXMax: 6.25, GyroXMin: -3.75, GyroYMax: 8.73, GyroYMin: -6.21, GyroZMax: 5.29, GyroZMin: -2.09
GyroX: 10.00, GyroY: 14.94, GyroZ: 7.38, AccelX: 32.11, AccelY: 43.37, AccelZ: 76.00
GyroXMax: 6.25, GyroXMin: -3.75, GyroYMax: 8.73, GyroYMin: -6.21, GyroZMax: 5.29, GyroZMin: -2.09
GyroX: 10.00, GyroY: 14.94, GyroZ: 7.38, AccelX: 32.11, AccelY: 43.37, AccelZ: 76.00
GyroXMax: 6.25, GyroXMin: -3.75, GyroYMax: 8.73, GyroYMin: -6.21, GyroZMax: 5.29, GyroZMin: -2.09
GyroX: 10.00, GyroY: 14.94, GyroZ: 7.38, AccelX: 32.11, AccelY: 43.37, AccelZ: 76.00
GyroXMax: 6.25, GyroXMin: -3.75, GyroYMax: 8.73, GyroYMin: -6.21, GyroZMax: 5.29, GyroZMin: -2.09
GyroX: 10.00, GyroY: 14.94, GyroZ: 7.38, AccelX: 32.11, AccelY: 43.37, AccelZ: 76.00
GyroXMax: 6.25, GyroXMin: -3.75, GyroYMax: 8.73, GyroYMin: -6.21, GyroZMax: 5.29, GyroZMin: -2.09
GyroX: 10.00, GyroY: 14.94, GyroZ: 7.38, AccelX: 32.11, AccelY: 43.37, AccelZ: 76.00
GyroXMax: 6.25, GyroXMin: -3.75, GyroYMax: 8.73, GyroYMin: -6.21, GyroZMax: 5.29, GyroZMin: -2.09
GyroX: 10.00, GyroY: 14.94, GyroZ: 7.38, AccelX: 32.11, AccelY: 43.37, AccelZ: 76.00
GyroXMax: 6.25, GyroXMin: -3.75, GyroYMax: 8.73, GyroYMin: -6.21, GyroZMax: 5.29, GyroZMin: -2.09
GyroX: 10.00, GyroY: 14.94, GyroZ: 7.38, AccelX: 32.11, AccelY: 43.37, AccelZ: 76.00
GyroXMax: 6.25, GyroXMin: -3.75, GyroYMax: 8.73, GyroYMin: -6.21, GyroZMax: 5.29, GyroZMin: -2.09
GyroX: 10.00, GyroY: 14.94, GyroZ: 7.38, AccelX: 32.11, AccelY: 43.37, AccelZ: 76.00
GyroXMax: 6.25, GyroXMin: -3.75, GyroYMax: 8.73, GyroYMin: -6.21, GyroZMax: 5.29, GyroZMin: -2.09
GyroX: 10.00, GyroY: 14.94, GyroZ: 7.38, AccelX: 32.11, AccelY: 43.37, AccelZ: 76.00
GyroXMax: 6.25, GyroXMin: -3.75, GyroYMax: 8.73, GyroYMin: -6.21, GyroZMax: 5.29, GyroZMin: -2.09
GyroX: 10.00, GyroY: 14.94, GyroZ: 7.38, AccelX: 32.11, AccelY: 43.37, AccelZ: 76.00
GyroXMax: 6.25, GyroXMin: -3.75, GyroYMax: 8.73, GyroYMin: -6.21, GyroZMax: 5.29, GyroZMin: -2.09
GyroX: 10.00, GyroY: 14.94, GyroZ: 7.38, AccelX: 32.11, AccelY: 43.37, AccelZ: 76.00
GyroXMax: 6.25, GyroXMin: -3.75, GyroYMax: 8.73, GyroYMin: -6.21, GyroZMax: 5.29, GyroZMin: -2.09
GyroX: 10.00, GyroY: 14.94, GyroZ: 7.38, AccelX: 32.11, AccelY: 43.37, AccelZ: 76.00
GyroXMax: 6.25, GyroXMin: -3.75, GyroYMax: 8.73, GyroYMin: -6.21, GyroZMax: 5.29, GyroZMin: -2.09
GyroX: 10.00, GyroY: 14.94, GyroZ: 7.38, AccelX: 32.11, AccelY: 43.37, AccelZ: 76.00
GyroXMax: 6.25, GyroXMin: -3.75, GyroYMax: 8.73, GyroYMin: -6.21, GyroZMax: 5.29, GyroZMin: -2.09
GyroX: 10.00, GyroY: 14.94, GyroZ: 7.38, AccelX: 32.11, AccelY: 43.37, AccelZ: 76.00
GyroXMax: 6.25, GyroXMin: -3.75, GyroYMax: 8.73, GyroYMin: -6.21, GyroZMax: 5.29, GyroZMin: -2.09
GyroX: 10.00, GyroY: 14.94, GyroZ: 7.38, AccelX: 32.11, AccelY: 43.37, AccelZ: 76.00
GyroXMax: 6.25, GyroXMin: -3.75, GyroYMax: 8.73, GyroYMin: -6.21, GyroZMax: 5.29, GyroZMin: -2.09
GyroX: 10.00, GyroY: 14.94, GyroZ: 7.38, AccelX: 32.11, AccelY: 43.37, AccelZ: 76.00
GyroXMax: 6.25, GyroXMin: -3.75, GyroYMax: 8.73, GyroYMin: -6.21, GyroZMax: 5.29, GyroZMin: -2.09
GyroX: 10.00, GyroY: 14.94, GyroZ: 7.38, AccelX: 32.11, AccelY: 43.37, AccelZ: 76.00
GyroXMax: 6.25, GyroXMin: -3.75, GyroYMax: 8.73, GyroYMin: -6.21, GyroZMax: 5.29, GyroZMin: -2.09
GyroX: 10.00, GyroY: 14.94, GyroZ: 7.38, AccelX: 32.11, AccelY: 43.37, AccelZ: 76.00
GyroXMax: 6.25, GyroXMin: -3.75, GyroYMax: 8.73, GyroYMin: -6.21, GyroZMax: 5.29, GyroZMin: -2.09
GyroX: 10.00, GyroY: 14.94, GyroZ: 7.38, AccelX: 32.11, AccelY: 43.37, AccelZ: 76.00
GyroXMax: 6.25, GyroXMin: -3.75, GyroYMax: 8.73, GyroYMin: -6.21, GyroZMax: 5.29, GyroZMin: -2.09
GyroX: 10.00, GyroY: 14.94, GyroZ: 7.38, AccelX: 32.11, AccelY: 33.21, AccelZ: 71.17
GyroXMax: 6.25, GyroXMin: -3.75, GyroYMax: 8.73, GyroYMin: -6.21, GyroZMax: 1.82, GyroZMin: -2.09
GyroX: 10.00, GyroY: 14.94, GyroZ: 3.91, AccelX: 30.90, AccelY: 33.21, AccelZ: 71.17
GyroXMax: 2.49, GyroXMin: -3.75, GyroYMax: 7.43, GyroYMin: -6.21, GyroZMax: 1.68, GyroZMin: -2.09
GyroX: 6.25, GyroY: 13.64, GyroZ: 3.78, AccelX: 18.78, AccelY: 31.46, AccelZ: 71.17
GyroXMax: 1.17, GyroXMin: -3.75, GyroYMax: 3.90, GyroYMin: -6.21, GyroZMax: 1.68, GyroZMin: -2.09
GyroX: 4.92, GyroY: 10.11, GyroZ: 3.78, AccelX: 8.42, AccelY: 31.46, AccelZ: 71.17
GyroXMax: 1.17, GyroXMin: -3.75, GyroYMax: 0.06, GyroYMin: -6.21, GyroZMax: 1.68, GyroZMin: -2.09
GyroX: 4.92, GyroY: 6.26, GyroZ: 3.78, AccelX: 6.89, AccelY: 31.46, AccelZ: 65.73
GyroXMax: 1.17, GyroXMin: -3.75, GyroYMax: 0.06, GyroYMin: -6.21, GyroZMax: 1.68, GyroZMin: -2.09
GyroX: 4.92, GyroY: 6.26, GyroZ: 3.78, AccelX: 6.89, AccelY: 31.46, AccelZ: 49.88
GyroXMax: 1.17, GyroXMin: -3.43, GyroYMax: 4.47, GyroYMin: -6.21, GyroZMax: 1.68, GyroZMin: -1.72
GyroX: 4.60, GyroY: 10.68, GyroZ: 3.41, AccelX: 5.63, AccelY: 49.44, AccelZ: 32.37
GyroXMax: 2.40, GyroXMin: -1.89, GyroYMax: 8.73, GyroYMin: -4.78, GyroZMax: 4.67, GyroZMin: -1.72
GyroX: 4.29, GyroY: 13.51, GyroZ: 6.39, AccelX: 36.20, AccelY: 49.44, AccelZ: 32.37
GyroXMax: 3.86, GyroXMin: -1.89, GyroYMax: 8.73, GyroYMin: -2.15, GyroZMax: 4.67, GyroZMin: -1.72
GyroX: 5.75, GyroY: 10.88, GyroZ: 6.39, AccelX: 36.20, AccelY: 52.28, AccelZ: 52.99
GyroXMax: 3.86, GyroXMin: -1.89, GyroYMax: 8.73, GyroYMin: -2.15, GyroZMax: 4.67, GyroZMin: -1.72
GyroX: 5.75, GyroY: 10.88, GyroZ: 6.39, AccelX: 36.06, AccelY: 52.28, AccelZ: 72.34
GyroXMax: 3.86, GyroXMin: -1.89, GyroYMax: 8.73, GyroYMin: -2.15, GyroZMax: 4.67, GyroZMin: -1.72
GyroX: 5.75, GyroY: 10.88, GyroZ: 6.39, AccelX: 36.06, AccelY: 52.28, AccelZ: 78.45
GyroXMax: 3.86, GyroXMin: -1.89, GyroYMax: 8.73, GyroYMin: -2.40, GyroZMax: 4.67, GyroZMin: -1.72
GyroX: 5.75, GyroY: 11.13, GyroZ: 6.39, AccelX: 35.87, AccelY: 52.28, AccelZ: 78.45
GyroXMax: 3.86, GyroXMin: -2.36, GyroYMax: 8.73, GyroYMin: -4.77, GyroZMax: 4.67, GyroZMin: -1.72
GyroX: 6.22, GyroY: 13.50, GyroZ: 6.39, AccelX: 35.87, AccelY: 52.28, AccelZ: 78.45
GyroXMax: 3.86, GyroXMin: -2.36, GyroYMax: 8.73, GyroYMin: -6.25, GyroZMax: 4.67, GyroZMin: -1.72
GyroX: 6.22, GyroY: 14.98, GyroZ: 6.39, AccelX: 35.87, AccelY: 52.28, AccelZ: 78.45
GyroXMax: 3.86, GyroXMin: -2.36, GyroYMax: 8.73, GyroYMin: -6.25, GyroZMax: 4.67, GyroZMin: -1.72
GyroX: 6.22, GyroY: 14.98, GyroZ: 6.39, AccelX: 35.87, AccelY: 52.28, AccelZ: 78.45
GyroXMax: 3.86, GyroXMin: -2.36, GyroYMax: 8.73, GyroYMin: -6.25, GyroZMax: 4.67, GyroZMin: -1.72
GyroX: 6.22, GyroY: 14.98, GyroZ: 6.39, AccelX: 35.26, AccelY: 52.28, AccelZ: 78.45
GyroXMax: 3.86, GyroXMin: -2.36, GyroYMax: 8.73, GyroYMin: -6.25, GyroZMax: 4.67, GyroZMin: -1.72
GyroX: 6.22, GyroY: 14.98, GyroZ: 6.39, AccelX: 35.31, AccelY: 52.28, AccelZ: 78.45
GyroXMax: 3.86, GyroXMin: -2.36, GyroYMax: 8.73, GyroYMin: -6.25, GyroZMax: 4.67, GyroZMin: -1.72
GyroX: 6.22, GyroY: 14.98, GyroZ: 6.39, AccelX: 35.31, AccelY: 52.28, AccelZ: 78.45
GyroXMax: 3.86, GyroXMin: -2.36, GyroYMax: 8.73, GyroYMin: -6.25, GyroZMax: 4.67, GyroZMin: -1.72
GyroX: 6.22, GyroY: 14.98, GyroZ: 6.39, AccelX: 35.31, AccelY: 52.28, AccelZ: 78.45
GyroXMax: 3.86, GyroXMin: -2.36, GyroYMax: 8.73, GyroYMin: -6.25, GyroZMax: 4.67, GyroZMin: -1.72
GyroX: 6.22, GyroY: 14.98, GyroZ: 6.39, AccelX: 35.31, AccelY: 52.28, AccelZ: 78.45
GyroXMax: 3.86, GyroXMin: -2.36, GyroYMax: 8.73, GyroYMin: -6.25, GyroZMax: 4.67, GyroZMin: -1.72
GyroX: 6.22, GyroY: 14.98, GyroZ: 6.39, AccelX: 35.31, AccelY: 52.28, AccelZ: 78.45
GyroXMax: 3.86, GyroXMin: -2.36, GyroYMax: 8.73, GyroYMin: -6.25, GyroZMax: 4.67, GyroZMin: -1.72
GyroX: 6.22, GyroY: 14.98, GyroZ: 6.39, AccelX: 35.31, AccelY: 52.28, AccelZ: 78.45
GyroXMax: 3.86, GyroXMin: -2.36, GyroYMax: 8.73, GyroYMin: -6.25, GyroZMax: 4.67, GyroZMin: -1.72
GyroX: 6.22, GyroY: 14.98, GyroZ: 6.39, AccelX: 35.31, AccelY: 52.28, AccelZ: 78.45
GyroXMax: 3.86, GyroXMin: -2.36, GyroYMax: 8.73, GyroYMin: -6.25, GyroZMax: 4.67, GyroZMin: -1.72
GyroX: 6.22, GyroY: 14.98, GyroZ: 6.39, AccelX: 35.31, AccelY: 52.28, AccelZ: 78.45
GyroXMax: 3.86, GyroXMin: -2.36, GyroYMax: 8.73, GyroYMin: -6.25, GyroZMax: 4.67, GyroZMin: -1.72
GyroX: 6.22, GyroY: 14.98, GyroZ: 6.39, AccelX: 35.31, AccelY: 52.28, AccelZ: 78.45
GyroXMax: 3.86, GyroXMin: -2.36, GyroYMax: 8.73, GyroYMin: -6.25, GyroZMax: 4.67, GyroZMin: -1.72
GyroX: 6.22, GyroY: 14.98, GyroZ: 6.39, AccelX: 35.31, AccelY: 52.28, AccelZ: 78.45
GyroXMax: 3.86, GyroXMin: -2.36, GyroYMax: 8.73, GyroYMin: -6.25, GyroZMax: 4.67, GyroZMin: -1.72
GyroX: 6.22, GyroY: 14.98, GyroZ: 6.39, AccelX: 35.31, AccelY: 52.28, AccelZ: 78.45
GyroXMax: 3.86, GyroXMin: -2.36, GyroYMax: 8.73, GyroYMin: -6.25, GyroZMax: 4.67, GyroZMin: -1.72
GyroX: 6.22, GyroY: 14.98, GyroZ: 6.39, AccelX: 35.31, AccelY: 52.28, AccelZ: 78.45
GyroXMax: 3.86, GyroXMin: -2.36, GyroYMax: 8.73, GyroYMin: -6.25, GyroZMax: 4.67, GyroZMin: -1.72
GyroX: 6.22, GyroY: 14.98, GyroZ: 6.39, AccelX: 35.31, AccelY: 52.28, AccelZ: 78.45
GyroXMax: 3.86, GyroXMin: -2.36, GyroYMax: 8.73, GyroYMin: -6.25, GyroZMax: 4.67, GyroZMin: -1.72
GyroX: 6.22, GyroY: 14.98, GyroZ: 6.39, AccelX: 35.31, AccelY: 52.28, AccelZ: 78.45
GyroXMax: 3.86, GyroXMin: -2.36, GyroYMax: 8.73, GyroYMin: -6.25, GyroZMax: 4.67, GyroZMin: -1.72
GyroX: 6.22, GyroY: 14.98, GyroZ: 6.39, AccelX: 35.31, AccelY: 52.28, AccelZ: 78.45
GyroXMax: 3.86, GyroXMin: -2.36, GyroYMax: 8.73, GyroYMin: -6.25, GyroZMax: 4.67, GyroZMin: -1.72
GyroX: 6.22, GyroY: 14.98, GyroZ: 6.39, AccelX: 35.31, AccelY: 52.28, AccelZ: 78.45
GyroXMax: 3.86, GyroXMin: -2.36, GyroYMax: 8.73, GyroYMin: -6.25, GyroZMax: 4.67, GyroZMin: -1.72
GyroX: 6.22, GyroY: 14.98, GyroZ: 6.39, AccelX: 35.31, AccelY: 52.28, AccelZ: 78.45
GyroXMax: 3.86, GyroXMin: -2.36, GyroYMax: 8.73, GyroYMin: -6.25, GyroZMax: 4.67, GyroZMin: -1.72
GyroX: 6.22, GyroY: 14.98, GyroZ: 6.39, AccelX: 35.31, AccelY: 52.28, AccelZ: 78.45
GyroXMax: 3.86, GyroXMin: -2.36, GyroYMax: 8.73, GyroYMin: -6.25, GyroZMax: 4.67, GyroZMin: -1.72
GyroX: 6.22, GyroY: 14.98, GyroZ: 6.39, AccelX: 35.31, AccelY: 52.28, AccelZ: 78.45
GyroXMax: 3.86, GyroXMin: -2.36, GyroYMax: 8.73, GyroYMin: -6.25, GyroZMax: 4.67, GyroZMin: -1.05
GyroX: 6.22, GyroY: 14.98, GyroZ: 5.71, AccelX: 35.31, AccelY: 52.28, AccelZ: 78.45
GyroXMax: 3.86, GyroXMin: -2.36, GyroYMax: 8.73, GyroYMin: -6.25, GyroZMax: 4.67, GyroZMin: -1.05
GyroX: 6.22, GyroY: 14.98, GyroZ: 5.71, AccelX: 35.31, AccelY: 18.59, AccelZ: 73.23
GyroXMax: 3.86, GyroXMin: -2.36, GyroYMax: 8.73, GyroYMin: -6.25, GyroZMax: 2.18, GyroZMin: -1.05
GyroX: 6.22, GyroY: 14.98, GyroZ: 3.22, AccelX: 33.05, AccelY: 18.59, AccelZ: 70.57
GyroXMax: 2.56, GyroXMin: -2.36, GyroYMax: 7.62, GyroYMin: -6.25, GyroZMax: 0.20, GyroZMin: -1.05
GyroX: 4.92, GyroY: 13.87, GyroZ: 1.25, AccelX: 20.56, AccelY: 12.95, AccelZ: 70.57
GyroXMax: 0.88, GyroXMin: -2.36, GyroYMax: 2.36, GyroYMin: -6.25, GyroZMax: 0.20, GyroZMin: -1.05
GyroX: 3.24, GyroY: 8.61, GyroZ: 1.25, AccelX: 8.34, AccelY: 9.20, AccelZ: 70.57
GyroXMax: 0.88, GyroXMin: -2.42, GyroYMax: 0.79, GyroYMin: -6.25, GyroZMax: 0.20, GyroZMin: -0.66
GyroX: 3.29, GyroY: 7.04, GyroZ: 0.87, AccelX: 8.34, AccelY: 13.87, AccelZ: 60.07
GyroXMax: 0.88, GyroXMin: -2.42, GyroYMax: 8.73, GyroYMin: -6.25, GyroZMax: 3.13, GyroZMin: -0.66
GyroX: 3.29, GyroY: 14.98, GyroZ: 3.79, AccelX: 19.14, AccelY: 25.22, AccelZ: 45.02
GyroXMax: 2.11, GyroXMin: -2.42, GyroYMax: 8.73, GyroYMin: -6.25, GyroZMax: 3.13, GyroZMin: -0.66
GyroX: 4.52, GyroY: 14.98, GyroZ: 3.79, AccelX: 39.41, AccelY: 30.05, AccelZ: 38.00
GyroXMax: 2.11, GyroXMin: -2.42, GyroYMax: 8.73, GyroYMin: -6.19, GyroZMax: 3.13, GyroZMin: -0.66
GyroX: 4.52, GyroY: 14.92, GyroZ: 3.79, AccelX: 39.41, AccelY: 36.76, AccelZ: 78.45
GyroXMax: 2.11, GyroXMin: -2.42, GyroYMax: 8.73, GyroYMin: -4.14, GyroZMax: 3.13, GyroZMin: -1.69
GyroX: 4.52, GyroY: 12.87, GyroZ: 4.81, AccelX: 39.41, AccelY: 36.76, AccelZ: 78.45
GyroXMax: 2.11, GyroXMin: -2.42, GyroYMax: 8.73, GyroYMin: -5.26, GyroZMax: 3.13, GyroZMin: -1.69
GyroX: 4.52, GyroY: 13.99, GyroZ: 4.81, AccelX: 39.41, AccelY: 36.76, AccelZ: 78.45
GyroXMax: 2.11, GyroXMin: -2.42, GyroYMax: 8.73, GyroYMin: -6.00, GyroZMax: 3.13, GyroZMin: -1.69
GyroX: 4.52, GyroY: 14.73, GyroZ: 4.81, AccelX: 39.35, AccelY: 36.76, AccelZ: 78.45
GyroXMax: 2.11, GyroXMin: -2.42, GyroYMax: 8.73, GyroYMin: -6.00, GyroZMax: 3.13, GyroZMin: -1.69
GyroX: 4.52, GyroY: 14.73, GyroZ: 4.81, AccelX: 38.94, AccelY: 36.76, AccelZ: 78.45
GyroXMax: 2.11, GyroXMin: -2.42, GyroYMax: 8.73, GyroYMin: -6.00, GyroZMax: 3.13, GyroZMin: -1.69
GyroX: 4.52, GyroY: 14.73, GyroZ: 4.81, AccelX: 39.55, AccelY: 36.76, AccelZ: 78.45
GyroXMax: 2.11, GyroXMin: -2.42, GyroYMax: 8.73, GyroYMin: -6.00, GyroZMax: 3.13, GyroZMin: -1.69
GyroX: 4.52, GyroY: 14.73, GyroZ: 4.81, AccelX: 39.55, AccelY: 36.76, AccelZ: 78.45
GyroXMax: 2.11, GyroXMin: -2.42, GyroYMax: 8.73, GyroYMin: -6.00, GyroZMax: 3.13, GyroZMin: -1.69
GyroX: 4.52, GyroY: 14.73, GyroZ: 4.81, AccelX: 39.76, AccelY: 36.76, AccelZ: 78.45
GyroXMax: 2.11, GyroXMin: -2.42, GyroYMax: 8.73, GyroYMin: -6.00, GyroZMax: 3.13, GyroZMin: -1.69
GyroX: 4.52, GyroY: 14.73, GyroZ: 4.81, AccelX: 39.76, AccelY: 36.76, AccelZ: 78.45
GyroXMax: 2.11, GyroXMin: -2.42, GyroYMax: 8.73, GyroYMin: -6.00, GyroZMax: 3.13, GyroZMin: -1.69
GyroX: 4.52, GyroY: 14.73, GyroZ: 4.81, AccelX: 39.76, AccelY: 36.76, AccelZ: 78.45
GyroXMax: 2.11, GyroXMin: -2.42, GyroYMax: 8.73, GyroYMin: -6.00, GyroZMax: 3.13, GyroZMin: -1.69
GyroX: 4.52, GyroY: 14.73, GyroZ: 4.81, AccelX: 39.76, AccelY: 36.76, AccelZ: 78.45
GyroXMax: 2.11, GyroXMin: -2.42, GyroYMax: 8.73, GyroYMin: -6.00, GyroZMax: 3.13, GyroZMin: -1.69
GyroX: 4.52, GyroY: 14.73, GyroZ: 4.81, AccelX: 39.76, AccelY: 36.76, AccelZ: 78.45
GyroXMax: 2.11, GyroXMin: -2.42, GyroYMax: 8.73, GyroYMin: -6.00, GyroZMax: 3.13, GyroZMin: -1.69
GyroX: 4.52, GyroY: 14.73, GyroZ: 4.81, AccelX: 39.76, AccelY: 36.76, AccelZ: 78.45
GyroXMax: 2.11, GyroXMin: -2.42, GyroYMax: 8.73, GyroYMin: -6.00, GyroZMax: 3.13, GyroZMin: -1.69
GyroX: 4.52, GyroY: 14.73, GyroZ: 4.81, AccelX: 39.76, AccelY: 36.76, AccelZ: 78.45
GyroXMax: 2.11, GyroXMin: -2.42, GyroYMax: 8.73, GyroYMin: -6.00, GyroZMax: 3.13, GyroZMin: -1.69
GyroX: 4.52, GyroY: 14.73, GyroZ: 4.81, AccelX: 39.76, AccelY: 36.76, AccelZ: 78.45
GyroXMax: 2.11, GyroXMin: -2.42, GyroYMax: 8.73, GyroYMin: -6.00, GyroZMax: 3.13, GyroZMin: -1.69
GyroX: 4.52, GyroY: 14.73, GyroZ: 4.81, AccelX: 39.76, AccelY: 36.76, AccelZ: 78.45
GyroXMax: 2.11, GyroXMin: -2.42, GyroYMax: 8.73, GyroYMin: -6.00, GyroZMax: 3.13, GyroZMin: -1.69
GyroX: 4.52, GyroY: 14.73, GyroZ: 4.81, AccelX: 39.76, AccelY: 36.76, AccelZ: 78.45
GyroXMax: 2.11, GyroXMin: -2.42, GyroYMax: 8.73, GyroYMin: -6.00, GyroZMax: 3.13, GyroZMin: -1.69
GyroX: 4.52, GyroY: 14.73, GyroZ: 4.81, AccelX: 39.76, AccelY: 36.76, AccelZ: 78.45
GyroXMax: 2.11, GyroXMin: -2.42, GyroYMax: 8.73, GyroYMin: -6.00, GyroZMax: 3.13, GyroZMin: -1.69
GyroX: 4.52, GyroY: 14.73, GyroZ: 4.81, AccelX: 39.76, AccelY: 36.76, AccelZ: 78.45
GyroXMax: 2.11, GyroXMin: -2.42, GyroYMax: 8.73, GyroYMin: -6.00, GyroZMax: 3.13, GyroZMin: -1.69
GyroX: 4.52, GyroY: 14.73, GyroZ: 4.81, AccelX: 39.76, AccelY: 36.76, AccelZ: 78.45
GyroXMax: 2.11, GyroXMin: -2.42, GyroYMax: 8.73, GyroYMin: -6.00, GyroZMax: 3.13, GyroZMin: -1.69
GyroX: 4.52, GyroY: 14.73, GyroZ: 4.81, AccelX: 39.76, AccelY: 36.76, AccelZ: 78.45
GyroXMax: 2.11, GyroXMin: -2.42, GyroYMax: 8.73, GyroYMin: -6.00, GyroZMax: 3.13, GyroZMin: -1.69
GyroX: 4.52, GyroY: 14.73, GyroZ: 4.81, AccelX: 39.76, AccelY: 36.76, AccelZ: 78.45
GyroXMax: 2.11, GyroXMin: -2.42, GyroYMax: 8.73, GyroYMin: -6.00, GyroZMax: 3.13, GyroZMin: -1.69
GyroX: 4.52, GyroY: 14.73, GyroZ: 4.81, AccelX: 39.76, AccelY: 36.76, AccelZ: 78.45
GyroXMax: 2.11, GyroXMin: -2.42, GyroYMax: 8.73, GyroYMin: -6.00, GyroZMax: 3.13, GyroZMin: -1.69
GyroX: 4.52, GyroY: 14.73, GyroZ: 4.81, AccelX: 39.76, AccelY: 36.76, AccelZ: 78.45
GyroXMax: 2.11, GyroXMin: -2.42, GyroYMax: 8.73, GyroYMin: -6.00, GyroZMax: 3.13, GyroZMin: -1.69
GyroX: 4.52, GyroY: 14.73, GyroZ: 4.81, AccelX: 39.76, AccelY: 36.76, AccelZ: 78.45
GyroXMax: 2.11, GyroXMin: -2.42, GyroYMax: 8.73, GyroYMin: -6.00, GyroZMax: 3.13, GyroZMin: -1.69
GyroX: 4.52, GyroY: 14.73, GyroZ: 4.81, AccelX: 39.76, AccelY: 36.76, AccelZ: 78.45
GyroXMax: 2.11, GyroXMin: -2.42, GyroYMax: 8.73, GyroYMin: -6.00, GyroZMax: 3.13, GyroZMin: -1.69
GyroX: 4.52, GyroY: 14.73, GyroZ: 4.81, AccelX: 39.76, AccelY: 36.76, AccelZ: 78.45
GyroXMax: 2.11, GyroXMin: -0.91, GyroYMax: 8.73, GyroYMin: -6.00, GyroZMax: 3.13, GyroZMin: -1.69
GyroX: 3.02, GyroY: 14.73, GyroZ: 4.81, AccelX: 39.76, AccelY: 36.76, AccelZ: 78.45
GyroXMax: 2.11, GyroXMin: -0.91, GyroYMax: 8.73, GyroYMin: -6.00, GyroZMax: 2.82, GyroZMin: -1.69
GyroX: 3.02, GyroY: 14.73, GyroZ: 4.50, AccelX: 39.76, AccelY: 29.55, AccelZ: 58.49
GyroXMax: 1.85, GyroXMin: -0.91, GyroYMax: 8.73, GyroYMin: -6.00, GyroZMax: 0.75, GyroZMin: -1.69
GyroX: 2.75, GyroY: 14.73, GyroZ: 2.43, AccelX: 32.75, AccelY: 29.55, AccelZ: 58.49
GyroXMax: 1.25, GyroXMin: -0.91, GyroYMax: 3.04, GyroYMin: -6.00, GyroZMax: 0.75, GyroZMin: -1.69
GyroX: 2.16, GyroY: 9.04, GyroZ: 2.43, AccelX: 13.64, AccelY: 20.00, AccelZ: 58.49
GyroXMax: 0.66, GyroXMin: -1.78, GyroYMax: -0.00, GyroYMin: -6.00, GyroZMax: 0.75, GyroZMin: -1.10
GyroX: 2.44, GyroY: 6.00, GyroZ: 1.85, AccelX: 7.43, AccelY: 19.26, AccelZ: 51.24
GyroXMax: 0.66, GyroXMin: -3.57, GyroYMax: 2.14, GyroYMin: -6.00, GyroZMax: 0.75, GyroZMin: -1.10
GyroX: 4.23, GyroY: 8.15, GyroZ: 1.85, AccelX: 4.03, AccelY: 31.54, AccelZ: 31.82
GyroXMax: 0.66, GyroXMin: -3.57, GyroYMax: 8.73, GyroYMin: -4.32, GyroZMax: 4.64, GyroZMin: -1.10
GyroX: 4.23, GyroY: 13.05, GyroZ: 5.74, AccelX: 31.78, AccelY: 31.54, AccelZ: 31.82
GyroXMax: 2.10, GyroXMin: -3.57, GyroYMax: 8.73, GyroYMin: -3.50, GyroZMax: 4.64, GyroZMin: -1.10
GyroX: 5.67, GyroY: 12.23, GyroZ: 5.74, AccelX: 39.76, AccelY: 38.70, AccelZ: 31.82
GyroXMax: 2.38, GyroXMin: -3.57, GyroYMax: 8.73, GyroYMin: -2.78, GyroZMax: 4.64, GyroZMin: -1.10
GyroX: 5.95, GyroY: 11.51, GyroZ: 5.74, AccelX: 39.76, AccelY: 38.70, AccelZ: 67.08
GyroXMax: 2.38, GyroXMin: -3.57, GyroYMax: 8.73, GyroYMin: -1.91, GyroZMax: 4.64, GyroZMin: -1.10
GyroX: 5.95, GyroY: 10.65, GyroZ: 5.74, AccelX: 39.76, AccelY: 38.70, AccelZ: 78.45
GyroXMax: 2.38, GyroXMin: -3.57, GyroYMax: 8.73, GyroYMin: -3.55, GyroZMax: 4.64, GyroZMin: -1.10
GyroX: 5.95, GyroY: 12.28, GyroZ: 5.74, AccelX: 38.90, AccelY: 38.70, AccelZ: 78.45
GyroXMax: 2.38, GyroXMin: -3.57, GyroYMax: 8.73, GyroYMin: -8.73, GyroZMax: 4.64, GyroZMin: -1.10
GyroX: 5.95, GyroY: 17.46, GyroZ: 5.74, AccelX: 38.87, AccelY: 38.70, AccelZ: 78.45
GyroXMax: 2.38, GyroXMin: -3.57, GyroYMax: 8.73, GyroYMin: -8.73, GyroZMax: 4.64, GyroZMin: -1.10
GyroX: 5.95, GyroY: 17.46, GyroZ: 5.74, AccelX: 38.87, AccelY: 38.70, AccelZ: 78.45
GyroXMax: 2.38, GyroXMin: -3.57, GyroYMax: 8.73, GyroYMin: -8.73, GyroZMax: 4.64, GyroZMin: -1.10
GyroX: 5.95, GyroY: 17.46, GyroZ: 5.74, AccelX: 38.87, AccelY: 38.70, AccelZ: 78.45
GyroXMax: 2.38, GyroXMin: -3.57, GyroYMax: 8.73, GyroYMin: -8.73, GyroZMax: 4.64, GyroZMin: -1.10
GyroX: 5.95, GyroY: 17.46, GyroZ: 5.74, AccelX: 39.83, AccelY: 38.70, AccelZ: 78.45
GyroXMax: 2.38, GyroXMin: -3.57, GyroYMax: 8.73, GyroYMin: -8.73, GyroZMax: 4.64, GyroZMin: -1.10
GyroX: 5.95, GyroY: 17.46, GyroZ: 5.74, AccelX: 39.83, AccelY: 38.70, AccelZ: 78.45
GyroXMax: 2.38, GyroXMin: -3.57, GyroYMax: 8.73, GyroYMin: -8.73, GyroZMax: 4.64, GyroZMin: -1.10
GyroX: 5.95, GyroY: 17.46, GyroZ: 5.74, AccelX: 40.37, AccelY: 38.70, AccelZ: 78.45
GyroXMax: 2.38, GyroXMin: -3.57, GyroYMax: 8.73, GyroYMin: -8.73, GyroZMax: 4.64, GyroZMin: -1.10
GyroX: 5.95, GyroY: 17.46, GyroZ: 5.74, AccelX: 40.37, AccelY: 38.70, AccelZ: 78.45
GyroXMax: 2.38, GyroXMin: -3.57, GyroYMax: 8.73, GyroYMin: -8.73, GyroZMax: 4.64, GyroZMin: -1.10
GyroX: 5.95, GyroY: 17.46, GyroZ: 5.74, AccelX: 40.37, AccelY: 38.70, AccelZ: 78.45
GyroXMax: 2.38, GyroXMin: -3.57, GyroYMax: 8.73, GyroYMin: -8.73, GyroZMax: 4.64, GyroZMin: -1.10
GyroX: 5.95, GyroY: 17.46, GyroZ: 5.74, AccelX: 40.37, AccelY: 38.70, AccelZ: 78.45
GyroXMax: 2.38, GyroXMin: -3.57, GyroYMax: 8.73, GyroYMin: -8.73, GyroZMax: 4.64, GyroZMin: -1.10
GyroX: 5.95, GyroY: 17.46, GyroZ: 5.74, AccelX: 40.37, AccelY: 38.70, AccelZ: 78.45
GyroXMax: 2.38, GyroXMin: -3.57, GyroYMax: 8.73, GyroYMin: -8.73, GyroZMax: 4.64, GyroZMin: -1.10
GyroX: 5.95, GyroY: 17.46, GyroZ: 5.74, AccelX: 40.37, AccelY: 38.70, AccelZ: 78.45
GyroXMax: 2.38, GyroXMin: -3.57, GyroYMax: 8.73, GyroYMin: -8.73, GyroZMax: 4.64, GyroZMin: -1.10
GyroX: 5.95, GyroY: 17.46, GyroZ: 5.74, AccelX: 40.37, AccelY: 38.70, AccelZ: 78.45
GyroXMax: 2.38, GyroXMin: -3.57, GyroYMax: 8.73, GyroYMin: -8.73, GyroZMax: 4.64, GyroZMin: -1.10
GyroX: 5.95, GyroY: 17.46, GyroZ: 5.74, AccelX: 40.37, AccelY: 38.70, AccelZ: 78.45
GyroXMax: 2.38, GyroXMin: -3.57, GyroYMax: 8.73, GyroYMin: -8.73, GyroZMax: 4.64, GyroZMin: -1.10
GyroX: 5.95, GyroY: 17.46, GyroZ: 5.74, AccelX: 40.37, AccelY: 38.70, AccelZ: 78.45
GyroXMax: 2.38, GyroXMin: -3.57, GyroYMax: 8.73, GyroYMin: -8.73, GyroZMax: 4.64, GyroZMin: -1.10
GyroX: 5.95, GyroY: 17.46, GyroZ: 5.74, AccelX: 40.37, AccelY: 38.70, AccelZ: 78.45
GyroXMax: 2.38, GyroXMin: -3.57, GyroYMax: 8.73, GyroYMin: -8.73, GyroZMax: 4.64, GyroZMin: -1.10
GyroX: 5.95, GyroY: 17.46, GyroZ: 5.74, AccelX: 40.37, AccelY: 38.70, AccelZ: 78.45
GyroXMax: 2.38, GyroXMin: -3.57, GyroYMax: 8.73, GyroYMin: -8.73, GyroZMax: 4.64, GyroZMin: -1.10
GyroX: 5.95, GyroY: 17.46, GyroZ: 5.74, AccelX: 40.37, AccelY: 38.70, AccelZ: 78.45
GyroXMax: 2.38, GyroXMin: -3.57, GyroYMax: 8.73, GyroYMin: -8.73, GyroZMax: 4.64, GyroZMin: -1.10
GyroX: 5.95, GyroY: 17.46, GyroZ: 5.74, AccelX: 40.37, AccelY: 38.70, AccelZ: 78.45
GyroXMax: 2.38, GyroXMin: -3.57, GyroYMax: 8.73, GyroYMin: -8.73, GyroZMax: 4.64, GyroZMin: -1.10
GyroX: 5.95, GyroY: 17.46, GyroZ: 5.74, AccelX: 40.37, AccelY: 38.70, AccelZ: 78.45
GyroXMax: 2.38, GyroXMin: -3.57, GyroYMax: 8.73, GyroYMin: -8.73, GyroZMax: 4.64, GyroZMin: -1.10
GyroX: 5.95, GyroY: 17.46, GyroZ: 5.74, AccelX: 40.37, AccelY: 38.70, AccelZ: 78.45
GyroXMax: 2.38, GyroXMin: -3.57, GyroYMax: 8.73, GyroYMin: -8.73, GyroZMax: 4.64, GyroZMin: -1.10
GyroX: 5.95, GyroY: 17.46, GyroZ: 5.74, AccelX: 40.37, AccelY: 38.70, AccelZ: 78.45
GyroXMax: 2.38, GyroXMin: -3.57, GyroYMax: 8.73, GyroYMin: -8.73, GyroZMax: 4.64, GyroZMin: -1.10
GyroX: 5.95, GyroY: 17.46, GyroZ: 5.74, AccelX: 40.37, AccelY: 38.70, AccelZ: 78.45
GyroXMax: 2.38, GyroXMin: -3.57, GyroYMax: 8.73, GyroYMin: -8.73, GyroZMax: 4.64, GyroZMin: -1.10
GyroX: 5.95, GyroY: 17.46, GyroZ: 5.74, AccelX: 40.37, AccelY: 38.70, AccelZ: 78.45
GyroXMax: 2.38, GyroXMin: -3.57, GyroYMax: 8.73, GyroYMin: -8.73, GyroZMax: 4.64, GyroZMin: -0.56
GyroX: 5.95, GyroY: 17.46, GyroZ: 5.21, AccelX: 40.37, AccelY: 38.70, AccelZ: 78.45
GyroXMax: 2.38, GyroXMin: -1.55, GyroYMax: 8.73, GyroYMin: -8.73, GyroZMax: 4.64, GyroZMin: -0.56
GyroX: 3.93, GyroY: 17.46, GyroZ: 5.21, AccelX: 40.37, AccelY: 22.80, AccelZ: 78.45
GyroXMax: 2.38, GyroXMin: -1.55, GyroYMax: 8.73, GyroYMin: -8.73, GyroZMax: 2.31, GyroZMin: -0.68
GyroX: 3.93, GyroY: 17.46, GyroZ: 2.99, AccelX: 40.37, AccelY: 22.80, AccelZ: 78.45
GyroXMax: 2.38, GyroXMin: -1.55, GyroYMax: 8.73, GyroYMin: -8.73, GyroZMax: 1.95, GyroZMin: -0.69
GyroX: 3.93, GyroY: 17.46, GyroZ: 2.64, AccelX: 35.21, AccelY: 17.73, AccelZ: 78.45
GyroXMax: 2.10, GyroXMin: -1.55, GyroYMax: 5.80, GyroYMin: -8.73, GyroZMax: 1.61, GyroZMin: -0.69
GyroX: 3.64, GyroY: 14.53, GyroZ: 2.30, AccelX: 20.32, AccelY: 17.73, AccelZ: 78.45
GyroXMax: 1.43, GyroXMin: -1.55, GyroYMax: 5.15, GyroYMin: -8.73, GyroZMax: 1.22, GyroZMin: -0.69
GyroX: 2.98, GyroY: 13.88, GyroZ: 1.91, AccelX: 18.20, AccelY: 22.91, AccelZ: 78.45
GyroXMax: 1.43, GyroXMin: -1.07, GyroYMax: 8.73, GyroYMin: -8.73, GyroZMax: 2.65, GyroZMin: -0.69
GyroX: 2.49, GyroY: 17.46, GyroZ: 3.34, AccelX: 31.44, AccelY: 24.57, AccelZ: 56.49
GyroXMax: 1.43, GyroXMin: -1.07, GyroYMax: 8.73, GyroYMin: -8.73, GyroZMax: 2.65, GyroZMin: -0.69
GyroX: 2.49, GyroY: 17.46, GyroZ: 3.34, AccelX: 38.74, AccelY: 24.57, AccelZ: 36.14
GyroXMax: 1.43, GyroXMin: -0.76, GyroYMax: 8.73, GyroYMin: -5.82, GyroZMax: 2.65, GyroZMin: -0.69
GyroX: 2.19, GyroY: 14.55, GyroZ: 3.34, AccelX: 38.74, AccelY: 24.57, AccelZ: 65.58
GyroXMax: 1.08, GyroXMin: -0.76, GyroYMax: 8.73, GyroYMin: -2.48, GyroZMax: 2.65, GyroZMin: -0.74
GyroX: 1.85, GyroY: 11.22, GyroZ: 3.39, AccelX: 38.74, AccelY: 25.80, AccelZ: 78.45
GyroXMax: 1.08, GyroXMin: -1.05, GyroYMax: 8.73, GyroYMin: -6.95, GyroZMax: 2.65, GyroZMin: -1.75
GyroX: 2.14, GyroY: 15.68, GyroZ: 4.40, AccelX: 38.74, AccelY: 25.80, AccelZ: 78.45
GyroXMax: 1.87, GyroXMin: -1.05, GyroYMax: 8.73, GyroYMin: -8.73, GyroZMax: 2.65, GyroZMin: -1.75
GyroX: 2.92, GyroY: 17.46, GyroZ: 4.40, AccelX: 38.74, AccelY: 25.80, AccelZ: 78.45
GyroXMax: 1.87, GyroXMin: -1.05, GyroYMax: 8.73, GyroYMin: -8.73, GyroZMax: 2.65, GyroZMin: -1.75
GyroX: 2.92, GyroY: 17.46, GyroZ: 4.40, AccelX: 38.71, AccelY: 28.91, AccelZ: 78.45
GyroXMax: 1.87, GyroXMin: -1.05, GyroYMax: 8.73, GyroYMin: -8.73, GyroZMax: 2.65, GyroZMin: -1.75
GyroX: 2.92, GyroY: 17.46, GyroZ: 4.40, AccelX: 38.25, AccelY: 34.30, AccelZ: 78.45
GyroXMax: 1.87, GyroXMin: -1.05, GyroYMax: 8.73, GyroYMin: -8.73, GyroZMax: 2.65, GyroZMin: -1.75
GyroX: 2.92, GyroY: 17.46, GyroZ: 4.40, AccelX: 39.02, AccelY: 34.30, AccelZ: 78.45
GyroXMax: 1.87, GyroXMin: -1.05, GyroYMax: 8.73, GyroYMin: -8.73, GyroZMax: 2.65, GyroZMin: -1.75
GyroX: 2.92, GyroY: 17.46, GyroZ: 4.40, AccelX: 40.38, AccelY: 34.30, AccelZ: 78.45
GyroXMax: 1.87, GyroXMin: -1.05, GyroYMax: 8.73, GyroYMin: -8.73, GyroZMax: 2.65, GyroZMin: -1.75
GyroX: 2.92, GyroY: 17.46, GyroZ: 4.40, AccelX: 40.38, AccelY: 34.30, AccelZ: 78.45
GyroXMax: 1.87, GyroXMin: -1.05, GyroYMax: 8.73, GyroYMin: -8.73, GyroZMax: 2.65, GyroZMin: -1.75
GyroX: 2.92, GyroY: 17.46, GyroZ: 4.40, AccelX: 40.79, AccelY: 34.30, AccelZ: 78.45
GyroXMax: 1.87, GyroXMin: -1.05, GyroYMax: 8.73, GyroYMin: -8.73, GyroZMax: 2.65, GyroZMin: -1.75
GyroX: 2.92, GyroY: 17.46, GyroZ: 4.40, AccelX: 41.44, AccelY: 34.30, AccelZ: 78.45
GyroXMax: 1.87, GyroXMin: -1.05, GyroYMax: 8.73, GyroYMin: -8.73, GyroZMax: 2.65, GyroZMin: -1.75
GyroX: 2.92, GyroY: 17.46, GyroZ: 4.40, AccelX: 41.54, AccelY: 34.30, AccelZ: 78.45
GyroXMax: 1.87, GyroXMin: -1.05, GyroYMax: 8.73, GyroYMin: -8.73, GyroZMax: 2.65, GyroZMin: -1.75
GyroX: 2.92, GyroY: 17.46, GyroZ: 4.40, AccelX: 41.54, AccelY: 34.30, AccelZ: 78.45
GyroXMax: 1.87, GyroXMin: -1.05, GyroYMax: 8.73, GyroYMin: -8.73, GyroZMax: 2.65, GyroZMin: -1.75
GyroX: 2.92, GyroY: 17.46, GyroZ: 4.40, AccelX: 41.54, AccelY: 34.30, AccelZ: 78.45
GyroXMax: 1.87, GyroXMin: -1.05, GyroYMax: 8.73, GyroYMin: -8.73, GyroZMax: 2.65, GyroZMin: -1.75
GyroX: 2.92, GyroY: 17.46, GyroZ: 4.40, AccelX: 41.54, AccelY: 34.30, AccelZ: 78.45
GyroXMax: 1.87, GyroXMin: -1.05, GyroYMax: 8.73, GyroYMin: -8.73, GyroZMax: 2.65, GyroZMin: -1.75
GyroX: 2.92, GyroY: 17.46, GyroZ: 4.40, AccelX: 41.54, AccelY: 34.30, AccelZ: 78.45
GyroXMax: 1.87, GyroXMin: -1.05, GyroYMax: 8.73, GyroYMin: -8.73, GyroZMax: 2.65, GyroZMin: -1.75
GyroX: 2.92, GyroY: 17.46, GyroZ: 4.40, AccelX: 41.54, AccelY: 34.30, AccelZ: 78.45
GyroXMax: 1.87, GyroXMin: -1.05, GyroYMax: 8.73, GyroYMin: -8.73, GyroZMax: 2.65, GyroZMin: -1.75
GyroX: 2.92, GyroY: 17.46, GyroZ: 4.40, AccelX: 41.54, AccelY: 34.30, AccelZ: 78.45
GyroXMax: 1.87, GyroXMin: -1.05, GyroYMax: 8.73, GyroYMin: -8.73, GyroZMax: 2.65, GyroZMin: -1.75
GyroX: 2.92, GyroY: 17.46, GyroZ: 4.40, AccelX: 41.54, AccelY: 34.30, AccelZ: 78.45
GyroXMax: 1.87, GyroXMin: -1.05, GyroYMax: 8.73, GyroYMin: -8.73, GyroZMax: 2.65, GyroZMin: -1.75
GyroX: 2.92, GyroY: 17.46, GyroZ: 4.40, AccelX: 41.54, AccelY: 34.30, AccelZ: 78.45
GyroXMax: 1.87, GyroXMin: -2.98, GyroYMax: 8.73, GyroYMin: -8.73, GyroZMax: 2.65, GyroZMin: -1.75
GyroX: 4.85, GyroY: 17.46, GyroZ: 4.40, AccelX: 41.54, AccelY: 34.30, AccelZ: 78.45
GyroXMax: 1.87, GyroXMin: -5.17, GyroYMax: 8.73, GyroYMin: -8.73, GyroZMax: 2.65, GyroZMin: -1.75
GyroX: 7.04, GyroY: 17.46, GyroZ: 4.40, AccelX: 41.54, AccelY: 34.30, AccelZ: 78.45
GyroXMax: 1.87, GyroXMin: -6.55, GyroYMax: 8.73, GyroYMin: -8.73, GyroZMax: 2.65, GyroZMin: -1.75
GyroX: 8.42, GyroY: 17.46, GyroZ: 4.40, AccelX: 41.54, AccelY: 34.30, AccelZ: 78.45
GyroXMax: 1.87, GyroXMin: -8.73, GyroYMax: 8.73, GyroYMin: -8.73, GyroZMax: 2.65, GyroZMin: -1.75
GyroX: 10.60, GyroY: 17.46, GyroZ: 4.40, AccelX: 41.54, AccelY: 34.30, AccelZ: 78.45
GyroXMax: 1.87, GyroXMin: -8.73, GyroYMax: 8.73, GyroYMin: -8.73, GyroZMax: 2.65, GyroZMin: -1.75
GyroX: 10.60, GyroY: 17.46, GyroZ: 4.40, AccelX: 41.54, AccelY: 34.30, AccelZ: 78.45
GyroXMax: 1.87, GyroXMin: -8.73, GyroYMax: 8.73, GyroYMin: -8.73, GyroZMax: 2.65, GyroZMin: -1.75
GyroX: 10.60, GyroY: 17.46, GyroZ: 4.40, AccelX: 41.54, AccelY: 34.30, AccelZ: 78.45
GyroXMax: 1.87, GyroXMin: -8.73, GyroYMax: 8.73, GyroYMin: -8.73, GyroZMax: 2.65, GyroZMin: -1.75
GyroX: 10.60, GyroY: 17.46, GyroZ: 4.40, AccelX: 41.54, AccelY: 34.30, AccelZ: 78.45
GyroXMax: 1.87, GyroXMin: -8.73, GyroYMax: 8.73, GyroYMin: -8.73, GyroZMax: 2.65, GyroZMin: -1.75
GyroX: 10.60, GyroY: 17.46, GyroZ: 4.40, AccelX: 41.54, AccelY: 34.30, AccelZ: 78.45
GyroXMax: 1.87, GyroXMin: -8.73, GyroYMax: 8.73, GyroYMin: -8.73, GyroZMax: 2.59, GyroZMin: -1.78
GyroX: 10.60, GyroY: 17.46, GyroZ: 4.37, AccelX: 41.54, AccelY: 34.30, AccelZ: 78.45
GyroXMax: 1.87, GyroXMin: -8.73, GyroYMax: 8.73, GyroYMin: -8.73, GyroZMax: 2.59, GyroZMin: -2.43
GyroX: 10.60, GyroY: 17.46, GyroZ: 5.01, AccelX: 41.15, AccelY: 34.30, AccelZ: 78.45
GyroXMax: 1.87, GyroXMin: -8.73, GyroYMax: 4.80, GyroYMin: -8.73, GyroZMax: 2.59, GyroZMin: -2.59
GyroX: 10.60, GyroY: 13.53, GyroZ: 5.17, AccelX: 38.95, AccelY: 34.30, AccelZ: 78.45
GyroXMax: 1.87, GyroXMin: -8.73, GyroYMax: 3.53, GyroYMin: -8.73, GyroZMax: 2.59, GyroZMin: -2.59
GyroX: 10.60, GyroY: 12.26, GyroZ: 5.17, AccelX: 38.95, AccelY: 35.47, AccelZ: 78.45
GyroXMax: 1.87, GyroXMin: -8.73, GyroYMax: 3.53, GyroYMin: -8.73, GyroZMax: 2.59, GyroZMin: -2.59
GyroX: 10.60, GyroY: 12.26, GyroZ: 5.17, AccelX: 38.95, AccelY: 35.47, AccelZ: 49.15
GyroXMax: 1.37, GyroXMin: -8.73, GyroYMax: 3.53, GyroYMin: -6.76, GyroZMax: 2.59, GyroZMin: -2.59
GyroX: 10.10, GyroY: 10.29, GyroZ: 5.17, AccelX: 5.42, AccelY: 35.47, AccelZ: 49.15
GyroXMax: 1.37, GyroXMin: -8.73, GyroYMax: 3.53, GyroYMin: -0.67, GyroZMax: 2.59, GyroZMin: -2.59
GyroX: 10.10, GyroY: 4.20, GyroZ: 5.17, AccelX: 4.81, AccelY: 35.47, AccelZ: 32.56
GyroXMax: 1.37, GyroXMin: -8.73, GyroYMax: 2.12, GyroYMin: -0.67, GyroZMax: 2.59, GyroZMin: -2.59
GyroX: 10.10, GyroY: 2.79, GyroZ: 5.17, AccelX: 4.81, AccelY: 23.21, AccelZ: 26.10
GyroXMax: 1.33, GyroXMin: -8.73, GyroYMax: 2.12, GyroYMin: -0.67, GyroZMax: 2.59, GyroZMin: -2.59
GyroX: 10.06, GyroY: 2.79, GyroZ: 5.17, AccelX: 4.81, AccelY: 22.10, AccelZ: 26.10
GyroXMax: 1.33, GyroXMin: -8.73, GyroYMax: 2.12, GyroYMin: -0.67, GyroZMax: 2.59, GyroZMin: -2.59
GyroX: 10.06, GyroY: 2.79, GyroZ: 5.17, AccelX: 4.81, AccelY: 22.10, AccelZ: 26.20
GyroXMax: 1.33, GyroXMin: -8.73, GyroYMax: 2.12, GyroYMin: -0.67, GyroZMax: 2.59, GyroZMin: -2.59
GyroX: 10.06, GyroY: 2.79, GyroZ: 5.17, AccelX: 4.81, AccelY: 22.10, AccelZ: 27.67
GyroXMax: 1.33, GyroXMin: -8.73, GyroYMax: 2.12, GyroYMin: -0.67, GyroZMax: 2.59, GyroZMin: -2.59
GyroX: 10.06, GyroY: 2.79, GyroZ: 5.17, AccelX: 4.81, AccelY: 21.51, AccelZ: 27.67
GyroXMax: 1.33, GyroXMin: -8.73, GyroYMax: 2.12, GyroYMin: -0.67, GyroZMax: 2.59, GyroZMin: -2.59
GyroX: 10.06, GyroY: 2.79, GyroZ: 5.17, AccelX: 4.81, AccelY: 21.51, AccelZ: 27.67
GyroXMax: 1.33, GyroXMin: -8.73, GyroYMax: 2.12, GyroYMin: -0.67, GyroZMax: 2.59, GyroZMin: -2.59
GyroX: 10.06, GyroY: 2.79, GyroZ: 5.17, AccelX: 4.67, AccelY: 21.51, AccelZ: 27.67
GyroXMax: 1.33, GyroXMin: -8.73, GyroYMax: 2.12, GyroYMin: -0.67, GyroZMax: 2.59, GyroZMin: -2.59
GyroX: 10.06, GyroY: 2.79, GyroZ: 5.17, AccelX: 4.44, AccelY: 21.51, AccelZ: 27.67
GyroXMax: 1.33, GyroXMin: -8.73, GyroYMax: 2.12, GyroYMin: -0.67, GyroZMax: 2.59, GyroZMin: -2.59
GyroX: 10.06, GyroY: 2.79, GyroZ: 5.17, AccelX: 4.44, AccelY: 21.51, AccelZ: 27.67
GyroXMax: 1.19, GyroXMin: -8.73, GyroYMax: 2.12, GyroYMin: -0.67, GyroZMax: 2.59, GyroZMin: -2.59
GyroX: 9.92, GyroY: 2.79, GyroZ: 5.17, AccelX: 4.44, AccelY: 21.51, AccelZ: 27.67
GyroXMax: 0.98, GyroXMin: -8.73, GyroYMax: 2.12, GyroYMin: -0.67, GyroZMax: 2.59, GyroZMin: -2.59
GyroX: 9.71, GyroY: 2.79, GyroZ: 5.17, AccelX: 4.44, AccelY: 20.76, AccelZ: 27.67
GyroXMax: 0.54, GyroXMin: -8.73, GyroYMax: 2.12, GyroYMin: -0.67, GyroZMax: 2.59, GyroZMin: -2.59
GyroX: 9.27, GyroY: 2.79, GyroZ: 5.17, AccelX: 4.44, AccelY: 20.76, AccelZ: 27.67
GyroXMax: 0.33, GyroXMin: -8.73, GyroYMax: 2.12, GyroYMin: -0.67, GyroZMax: 2.59, GyroZMin: -2.59
GyroX: 9.06, GyroY: 2.79, GyroZ: 5.17, AccelX: 4.07, AccelY: 20.76, AccelZ: 27.67
GyroXMax: 0.33, GyroXMin: -8.73, GyroYMax: 2.12, GyroYMin: -0.67, GyroZMax: 2.59, GyroZMin: -2.59
GyroX: 9.06, GyroY: 2.79, GyroZ: 5.17, AccelX: 3.89, AccelY: 20.76, AccelZ: 21.29
GyroXMax: 0.33, GyroXMin: -8.73, GyroYMax: 1.66, GyroYMin: -0.67, GyroZMax: 2.59, GyroZMin: -2.59
GyroX: 9.06, GyroY: 2.33, GyroZ: 5.17, AccelX: 3.89, AccelY: 20.76, AccelZ: 20.31
GyroXMax: 0.33, GyroXMin: -8.73, GyroYMax: 1.47, GyroYMin: -0.67, GyroZMax: 2.59, GyroZMin: -2.59
GyroX: 9.06, GyroY: 2.14, GyroZ: 5.17, AccelX: 3.57, AccelY: 25.02, AccelZ: 28.75
GyroXMax: 2.50, GyroXMin: -8.73, GyroYMax: 1.47, GyroYMin: -0.67, GyroZMax: 2.59, GyroZMin: -2.59
GyroX: 11.23, GyroY: 2.14, GyroZ: 5.17, AccelX: 3.86, AccelY: 25.02, AccelZ: 28.75
GyroXMax: 2.50, GyroXMin: -8.73, GyroYMax: 1.47, GyroYMin: -0.67, GyroZMax: 2.23, GyroZMin: -2.59
GyroX: 11.23, GyroY: 2.14, GyroZ: 4.82, AccelX: 3.86, AccelY: 25.02, AccelZ: 28.75
GyroXMax: 2.50, GyroXMin: -8.73, GyroYMax: 1.47, GyroYMin: -0.67, GyroZMax: 1.39, GyroZMin: -2.59
GyroX: 11.23, GyroY: 2.14, GyroZ: 3.98, AccelX: 3.86, AccelY: 25.02, AccelZ: 28.75
GyroXMax: 2.50, GyroXMin: -8.73, GyroYMax: 1.47, GyroYMin: -0.67, GyroZMax: 0.34, GyroZMin: -2.59
GyroX: 11.23, GyroY: 2.14, GyroZ: 2.93, AccelX: 4.44, AccelY: 25.02, AccelZ: 28.75
GyroXMax: 5.55, GyroXMin: -8.73, GyroYMax: 1.47, GyroYMin: -1.05, GyroZMax: 0.34, GyroZMin: -2.59
GyroX: 14.28, GyroY: 2.53, GyroZ: 2.93, AccelX: 4.44, AccelY: 25.02, AccelZ: 24.92
GyroXMax: 5.55, GyroXMin: -8.73, GyroYMax: 1.47, GyroYMin: -1.05, GyroZMax: 0.34, GyroZMin: -2.59
GyroX: 14.28, GyroY: 2.53, GyroZ: 2.93, AccelX: 4.44, AccelY: 25.02, AccelZ: 23.05
GyroXMax: 5.55, GyroXMin: -8.46, GyroYMax: 1.47, GyroYMin: -1.05, GyroZMax: 0.34, GyroZMin: -2.59
GyroX: 14.01, GyroY: 2.53, GyroZ: 2.93, AccelX: 3.91, AccelY: 25.02, AccelZ: 23.05
GyroXMax: 5.55, GyroXMin: -7.34, GyroYMax: 1.47, GyroYMin: -1.05, GyroZMax: 0.34, GyroZMin: -2.59
GyroX: 12.89, GyroY: 2.53, GyroZ: 2.93, AccelX: 3.56, AccelY: 25.02, AccelZ: 17.93
GyroXMax: 5.55, GyroXMin: -7.01, GyroYMax: 1.47, GyroYMin: -1.05, GyroZMax: 0.34, GyroZMin: -2.59
GyroX: 12.56, GyroY: 2.53, GyroZ: 2.93, AccelX: 3.56, AccelY: 25.02, AccelZ: 17.69
GyroXMax: 5.55, GyroXMin: -7.01, GyroYMax: 1.47, GyroYMin: -1.05, GyroZMax: 0.34, GyroZMin: -1.65
GyroX: 12.56, GyroY: 2.53, GyroZ: 2.00, AccelX: 3.56, AccelY: 25.02, AccelZ: 17.69
GyroXMax: 5.55, GyroXMin: -7.01, GyroYMax: 1.47, GyroYMin: -1.05, GyroZMax: 0.34, GyroZMin: -0.98
GyroX: 12.56, GyroY: 2.53, GyroZ: 1.33, AccelX: 3.56, AccelY: 15.80, AccelZ: 17.69
GyroXMax: 5.55, GyroXMin: -7.01, GyroYMax: 1.47, GyroYMin: -1.05, GyroZMax: 0.34, GyroZMin: -0.98
GyroX: 12.56, GyroY: 2.53, GyroZ: 1.33, AccelX: 3.56, AccelY: 13.99, AccelZ: 17.69
GyroXMax: 5.55, GyroXMin: -7.01, GyroYMax: 1.47, GyroYMin: -1.05, GyroZMax: 0.34, GyroZMin: -0.98
GyroX: 12.56, GyroY: 2.53, GyroZ: 1.33, AccelX: 3.56, AccelY: 13.99, AccelZ: 17.69
GyroXMax: 5.55, GyroXMin: -7.01, GyroYMax: 1.47, GyroYMin: -1.05, GyroZMax: 0.34, GyroZMin: -0.81
GyroX: 12.56, GyroY: 2.53, GyroZ: 1.16, AccelX: 3.56, AccelY: 12.46, AccelZ: 17.69
GyroXMax: 5.55, GyroXMin: -7.01, GyroYMax: 1.47, GyroYMin: -1.05, GyroZMax: 0.34, GyroZMin: -0.81
GyroX: 12.56, GyroY: 2.53, GyroZ: 1.16, AccelX: 3.56, AccelY: 12.35, AccelZ: 17.69
GyroXMax: 5.55, GyroXMin: -7.01, GyroYMax: 1.47, GyroYMin: -1.05, GyroZMax: 0.34, GyroZMin: -0.81
GyroX: 12.56, GyroY: 2.53, GyroZ: 1.16, AccelX: 3.56, AccelY: 12.35, AccelZ: 17.69
GyroXMax: 5.55, GyroXMin: -7.01, GyroYMax: 1.47, GyroYMin: -1.05, GyroZMax: 0.34, GyroZMin: -0.61
GyroX: 12.56, GyroY: 2.53, GyroZ: 0.95, AccelX: 3.56, AccelY: 12.35, AccelZ: 17.69
GyroXMax: 5.55, GyroXMin: -7.01, GyroYMax: 1.47, GyroYMin: -1.05, GyroZMax: 0.34, GyroZMin: -0.46
GyroX: 12.56, GyroY: 2.53, GyroZ: 0.80, AccelX: 3.56, AccelY: 12.21, AccelZ: 17.69
GyroXMax: 5.55, GyroXMin: -7.01, GyroYMax: 1.47, GyroYMin: -1.05, GyroZMax: 0.34, GyroZMin: -0.46
GyroX: 12.56, GyroY: 2.53, GyroZ: 0.80, AccelX: 3.56, AccelY: 12.21, AccelZ: 17.69
GyroXMax: 5.55, GyroXMin: -7.01, GyroYMax: 1.47, GyroYMin: -1.05, GyroZMax: 0.34, GyroZMin: -0.46
GyroX: 12.56, GyroY: 2.53, GyroZ: 0.80, AccelX: 3.56, AccelY: 11.37, AccelZ: 17.69
GyroXMax: 5.55, GyroXMin: -7.01, GyroYMax: 1.47, GyroYMin: -1.05, GyroZMax: 0.34, GyroZMin: -0.46
GyroX: 12.56, GyroY: 2.53, GyroZ: 0.80, AccelX: 3.56, AccelY: 11.37, AccelZ: 17.69
GyroXMax: 5.55, GyroXMin: -7.01, GyroYMax: 1.47, GyroYMin: -1.05, GyroZMax: 0.34, GyroZMin: -0.46
GyroX: 12.56, GyroY: 2.53, GyroZ: 0.80, AccelX: 3.56, AccelY: 11.37, AccelZ: 17.69
GyroXMax: 5.55, GyroXMin: -7.01, GyroYMax: 1.47, GyroYMin: -1.05, GyroZMax: 0.34, GyroZMin: -0.46
GyroX: 12.56, GyroY: 2.53, GyroZ: 0.80, AccelX: 3.56, AccelY: 11.37, AccelZ: 17.69
GyroXMax: 5.55, GyroXMin: -7.01, GyroYMax: 1.47, GyroYMin: -1.05, GyroZMax: 0.34, GyroZMin: -0.46
GyroX: 12.56, GyroY: 2.53, GyroZ: 0.80, AccelX: 3.56, AccelY: 11.37, AccelZ: 17.69
GyroXMax: 5.55, GyroXMin: -7.01, GyroYMax: 1.47, GyroYMin: -1.05, GyroZMax: 0.34, GyroZMin: -0.46
GyroX: 12.56, GyroY: 2.53, GyroZ: 0.80, AccelX: 3.56, AccelY: 10.98, AccelZ: 17.69
GyroXMax: 5.55, GyroXMin: -7.01, GyroYMax: 1.47, GyroYMin: -1.05, GyroZMax: 0.34, GyroZMin: -0.46
GyroX: 12.56, GyroY: 2.53, GyroZ: 0.80, AccelX: 3.56, AccelY: 10.98, AccelZ: 17.69
GyroXMax: 5.55, GyroXMin: -7.01, GyroYMax: 1.47, GyroYMin: -1.05, GyroZMax: 0.34, GyroZMin: -0.46
GyroX: 12.56, GyroY: 2.53, GyroZ: 0.80, AccelX: 3.56, AccelY: 9.09, AccelZ: 17.69
GyroXMax: 5.55, GyroXMin: -7.01, GyroYMax: 1.47, GyroYMin: -1.05, GyroZMax: 0.34, GyroZMin: -0.46
GyroX: 12.56, GyroY: 2.53, GyroZ: 0.80, AccelX: 2.56, AccelY: 7.81, AccelZ: 17.69
GyroXMax: 5.55, GyroXMin: -7.01, GyroYMax: 0.20, GyroYMin: -1.05, GyroZMax: 0.24, GyroZMin: -0.46
GyroX: 12.56, GyroY: 1.26, GyroZ: 0.70, AccelX: 2.56, AccelY: 7.81, AccelZ: 11.01
GyroXMax: 5.55, GyroXMin: -5.47, GyroYMax: 0.20, GyroYMin: -1.05, GyroZMax: 0.24, GyroZMin: -0.46
GyroX: 11.02, GyroY: 1.26, GyroZ: 0.70, AccelX: 2.56, AccelY: 6.20, AccelZ: 1.98
GyroXMax: 5.55, GyroXMin: -5.47, GyroYMax: 0.05, GyroYMin: -1.05, GyroZMax: 0.24, GyroZMin: -0.46
GyroX: 11.02, GyroY: 1.11, GyroZ: 0.70, AccelX: 2.56, AccelY: 6.20, AccelZ: 1.98
GyroXMax: 5.55, GyroXMin: -5.47, GyroYMax: 0.05, GyroYMin: -1.05, GyroZMax: 0.24, GyroZMin: -0.46
GyroX: 11.02, GyroY: 1.11, GyroZ: 0.70, AccelX: 2.29, AccelY: 6.20, AccelZ: 1.49
GyroXMax: 5.55, GyroXMin: -5.47, GyroYMax: 0.05, GyroYMin: -1.05, GyroZMax: 0.24, GyroZMin: -0.46
GyroX: 11.02, GyroY: 1.11, GyroZ: 0.70, AccelX: 2.29, AccelY: 6.20, AccelZ: 1.49
GyroXMax: 5.55, GyroXMin: -3.10, GyroYMax: 0.05, GyroYMin: -1.05, GyroZMax: 0.24, GyroZMin: -0.14
GyroX: 8.64, GyroY: 1.11, GyroZ: 0.38, AccelX: 1.54, AccelY: 6.20, AccelZ: 1.49
GyroXMax: 5.25, GyroXMin: -3.10, GyroYMax: 0.05, GyroYMin: -0.02, GyroZMax: 0.24, GyroZMin: -0.14
GyroX: 8.35, GyroY: 0.07, GyroZ: 0.38, AccelX: 1.54, AccelY: 4.76, AccelZ: 1.39
GyroXMax: 1.05, GyroXMin: -3.10, GyroYMax: 0.05, GyroYMin: -0.02, GyroZMax: 0.07, GyroZMin: -0.14
GyroX: 4.14, GyroY: 0.07, GyroZ: 0.21, AccelX: 1.54, AccelY: 4.76, AccelZ: 1.07
GyroXMax: 1.05, GyroXMin: -3.10, GyroYMax: 0.01, GyroYMin: -0.02, GyroZMax: 0.07, GyroZMin: -0.14
GyroX: 4.14, GyroY: 0.03, GyroZ: 0.21, AccelX: 0.66, AccelY: 4.02, AccelZ: 0.70
GyroXMax: 1.05, GyroXMin: -3.10, GyroYMax: 0.01, GyroYMin: -0.01, GyroZMax: 0.07, GyroZMin: -0.13
GyroX: 4.14, GyroY: 0.02, GyroZ: 0.20, AccelX: 0.66, AccelY: 1.84, AccelZ: 0.37
GyroXMax: 1.05, GyroXMin: -0.71, GyroYMax: 0.01, GyroYMin: -0.01, GyroZMax: 0.07, GyroZMin: -0.01
GyroX: 1.75, GyroY: 0.02, GyroZ: 0.08, AccelX: 0.24, AccelY: 1.84, AccelZ: 0.15
GyroXMax: 1.05, GyroXMin: -0.56, GyroYMax: 0.01, GyroYMin: -0.01, GyroZMax: 0.07, GyroZMin: 0.00
GyroX: 1.61, GyroY: 0.02, GyroZ: 0.07, AccelX: 0.12, AccelY: 0.72, AccelZ: 0.15
GyroXMax: 0.53, GyroXMin: -0.56, GyroYMax: -0.00, GyroYMin: -0.01, GyroZMax: 0.05, GyroZMin: 0.00
GyroX: 1.09, GyroY: 0.00, GyroZ: 0.05, AccelX: 0.06, AccelY: 0.72, AccelZ: 0.15
GyroXMax: 0.15, GyroXMin: -0.56, GyroYMax: -0.00, GyroYMin: -0.01, GyroZMax: 0.04, GyroZMin: 0.00
GyroX: 0.72, GyroY: 0.00, GyroZ: 0.03, AccelX: 0.06, AccelY: 0.66, AccelZ: 0.20
GyroXMax: 0.15, GyroXMin: -0.56, GyroYMax: -0.00, GyroYMin: -0.01, GyroZMax: 0.04, GyroZMin: 0.00
GyroX: 0.72, GyroY: 0.01, GyroZ: 0.03, AccelX: 0.07, AccelY: 0.42, AccelZ: 0.22
GyroXMax: 0.15, GyroXMin: -0.23, GyroYMax: -0.00, GyroYMin: -0.01, GyroZMax: 0.04, GyroZMin: 0.02
GyroX: 0.38, GyroY: 0.01, GyroZ: 0.02, AccelX: 0.07, AccelY: 0.42, AccelZ: 0.22
GyroXMax: 0.15, GyroXMin: -0.23, GyroYMax: -0.00, GyroYMin: -0.01, GyroZMax: 0.04, GyroZMin: 0.02
GyroX: 0.38, GyroY: 0.01, GyroZ: 0.02, AccelX: 0.07, AccelY: 0.25, AccelZ: 0.22
GyroXMax: 0.03, GyroXMin: -0.23, GyroYMax: -0.00, GyroYMin: -0.01, GyroZMax: 0.03, GyroZMin: 0.02
GyroX: 0.26, GyroY: 0.01, GyroZ: 0.01, AccelX: 0.07, AccelY: 0.25, AccelZ: 0.22
GyroXMax: 0.03, GyroXMin: -0.23, GyroYMax: -0.00, GyroYMin: -0.01, GyroZMax: 0.03, GyroZMin: 0.02
GyroX: 0.26, GyroY: 0.01, GyroZ: 0.01, AccelX: 0.07, AccelY: 0.16, AccelZ: 0.22
GyroXMax: 0.03, GyroXMin: -0.13, GyroYMax: -0.00, GyroYMin: -0.01, GyroZMax: 0.03, GyroZMin: 0.02
GyroX: 0.16, GyroY: 0.01, GyroZ: 0.01, AccelX: 0.07, AccelY: 0.16, AccelZ: 0.22
GyroXMax: -0.04, GyroXMin: -0.13, GyroYMax: -0.00, GyroYMin: -0.01, GyroZMax: 0.03, GyroZMin: 0.02
GyroX: 0.09, GyroY: 0.01, GyroZ: 0.01, AccelX: 0.07, AccelY: 0.16, AccelZ: 0.22
GyroXMax: -0.04, GyroXMin: -0.09, GyroYMax: -0.00, GyroYMin: -0.01, GyroZMax: 0.03, GyroZMin: 0.02
GyroX: 0.05, GyroY: 0.01, GyroZ: 0.00, AccelX: 0.07, AccelY: 0.16, AccelZ: 0.22
GyroXMax: -0.04, GyroXMin: -0.11, GyroYMax: -0.00, GyroYMin: -0.01, GyroZMax: 0.03, GyroZMin: 0.02
GyroX: 0.07, GyroY: 0.01, GyroZ: 0.00, AccelX: 0.07, AccelY: 0.16, AccelZ: 0.22
GyroXMax: -0.04, GyroXMin: -0.11, GyroYMax: -0.00, GyroYMin: -0.01, GyroZMax: 0.03, GyroZMin: 0.02
GyroX: 0.07, GyroY: 0.01, GyroZ: 0.00, AccelX: 0.07, AccelY: 0.15, AccelZ: 0.22
GyroXMax: -0.04, GyroXMin: -0.11, GyroYMax: -0.00, GyroYMin: -0.01, GyroZMax: 0.03, GyroZMin: 0.02
GyroX: 0.07, GyroY: 0.01, GyroZ: 0.00, AccelX: 0.07, AccelY: 0.15, AccelZ: 0.22
GyroXMax: -0.04, GyroXMin: -0.11, GyroYMax: -0.00, GyroYMin: -0.01, GyroZMax: 0.03, GyroZMin: 0.02
GyroX: 0.07, GyroY: 0.01, GyroZ: 0.00, AccelX: 0.07, AccelY: 0.15, AccelZ: 0.22
GyroXMax: -0.04, GyroXMin: -0.11, GyroYMax: -0.00, GyroYMin: -0.01, GyroZMax: 0.03, GyroZMin: 0.02
GyroX: 0.07, GyroY: 0.01, GyroZ: 0.00, AccelX: 0.07, AccelY: 0.15, AccelZ: 0.22
GyroXMax: -0.04, GyroXMin: -0.11, GyroYMax: -0.00, GyroYMin: -0.01, GyroZMax: 0.03, GyroZMin: 0.02
GyroX: 0.07, GyroY: 0.01, GyroZ: 0.00, AccelX: 0.07, AccelY: 0.15, AccelZ: 0.22
GyroXMax: -0.04, GyroXMin: -0.11, GyroYMax: -0.00, GyroYMin: -0.01, GyroZMax: 0.03, GyroZMin: 0.02
GyroX: 0.07, GyroY: 0.01, GyroZ: 0.00, AccelX: 0.07, AccelY: 0.15, AccelZ: 0.22
GyroXMax: -0.04, GyroXMin: -0.11, GyroYMax: -0.00, GyroYMin: -0.01, GyroZMax: 0.03, GyroZMin: 0.02
GyroX: 0.07, GyroY: 0.01, GyroZ: 0.00, AccelX: 0.07, AccelY: 0.15, AccelZ: 0.22
GyroXMax: -0.04, GyroXMin: -0.11, GyroYMax: -0.00, GyroYMin: -0.01, GyroZMax: 0.03, GyroZMin: 0.02
GyroX: 0.07, GyroY: 0.01, GyroZ: 0.00, AccelX: 0.07, AccelY: 0.15, AccelZ: 0.22
GyroXMax: -0.04, GyroXMin: -0.11, GyroYMax: -0.00, GyroYMin: -0.01, GyroZMax: 0.03, GyroZMin: 0.02
GyroX: 0.07, GyroY: 0.01, GyroZ: 0.00, AccelX: 0.07, AccelY: 0.15, AccelZ: 0.22
GyroXMax: -0.04, GyroXMin: -0.11, GyroYMax: -0.00, GyroYMin: -0.01, GyroZMax: 0.03, GyroZMin: 0.02
GyroX: 0.07, GyroY: 0.01, GyroZ: 0.00, AccelX: 0.08, AccelY: 0.15, AccelZ: 0.22
GyroXMax: -0.04, GyroXMin: -0.11, GyroYMax: -0.00, GyroYMin: -0.01, GyroZMax: 0.03, GyroZMin: 0.02
GyroX: 0.07, GyroY: 0.01, GyroZ: 0.00, AccelX: 0.08, AccelY: 0.15, AccelZ: 0.22
GyroXMax: -0.04, GyroXMin: -0.11, GyroYMax: -0.00, GyroYMin: -0.01, GyroZMax: 0.03, GyroZMin: 0.02
GyroX: 0.07, GyroY: 0.01, GyroZ: 0.00, AccelX: 0.08, AccelY: 0.15, AccelZ: 0.22
GyroXMax: -0.04, GyroXMin: -0.11, GyroYMax: -0.00, GyroYMin: -0.01, GyroZMax: 0.03, GyroZMin: 0.02
GyroX: 0.07, GyroY: 0.01, GyroZ: 0.00, AccelX: 0.08, AccelY: 0.15, AccelZ: 0.22
GyroXMax: -0.04, GyroXMin: -0.11, GyroYMax: -0.00, GyroYMin: -0.01, GyroZMax: 0.03, GyroZMin: 0.02
GyroX: 0.07, GyroY: 0.01, GyroZ: 0.00, AccelX: 0.08, AccelY: 0.15, AccelZ: 0.22
GyroXMax: -0.04, GyroXMin: -0.11, GyroYMax: -0.00, GyroYMin: -0.01, GyroZMax: 0.03, GyroZMin: 0.02
GyroX: 0.07, GyroY: 0.01, GyroZ: 0.00, AccelX: 0.08, AccelY: 0.15, AccelZ: 0.22
GyroXMax: -0.04, GyroXMin: -0.11, GyroYMax: -0.00, GyroYMin: -0.01, GyroZMax: 0.03, GyroZMin: 0.02
GyroX: 0.07, GyroY: 0.01, GyroZ: 0.00, AccelX: 0.08, AccelY: 0.15, AccelZ: 0.22
GyroXMax: -0.04, GyroXMin: -0.11, GyroYMax: -0.00, GyroYMin: -0.01, GyroZMax: 0.03, GyroZMin: 0.02
GyroX: 0.07, GyroY: 0.01, GyroZ: 0.00, AccelX: 0.08, AccelY: 0.15, AccelZ: 0.22
GyroXMax: -0.04, GyroXMin: -0.11, GyroYMax: -0.00, GyroYMin: -0.01, GyroZMax: 0.03, GyroZMin: 0.02
GyroX: 0.07, GyroY: 0.01, GyroZ: 0.00, AccelX: 0.08, AccelY: 0.15, AccelZ: 0.22
GyroXMax: -0.04, GyroXMin: -0.11, GyroYMax: -0.00, GyroYMin: -0.01, GyroZMax: 0.03, GyroZMin: 0.02
GyroX: 0.07, GyroY: 0.01, GyroZ: 0.00, AccelX: 0.08, AccelY: 0.15, AccelZ: 0.22
GyroXMax: -0.04, GyroXMin: -0.11, GyroYMax: -0.00, GyroYMin: -0.01, GyroZMax: 0.03, GyroZMin: 0.02
GyroX: 0.07, GyroY: 0.01, GyroZ: 0.00, AccelX: 0.08, AccelY: 0.15, AccelZ: 0.22
GyroXMax: -0.04, GyroXMin: -0.11, GyroYMax: -0.00, GyroYMin: -0.01, GyroZMax: 0.03, GyroZMin: 0.02
GyroX: 0.07, GyroY: 0.01, GyroZ: 0.00, AccelX: 0.08, AccelY: 0.15, AccelZ: 0.19
GyroXMax: -0.04, GyroXMin: -0.11, GyroYMax: -0.00, GyroYMin: -0.01, GyroZMax: 0.03, GyroZMin: 0.02
GyroX: 0.07, GyroY: 0.00, GyroZ: 0.00, AccelX: 0.07, AccelY: 0.12, AccelZ: 0.16
GyroXMax: -0.04, GyroXMin: -0.11, GyroYMax: -0.00, GyroYMin: -0.01, GyroZMax: 0.03, GyroZMin: 0.02
GyroX: 0.07, GyroY: 0.00, GyroZ: 0.00, AccelX: 0.07, AccelY: 0.12, AccelZ: 0.16
GyroXMax: -0.04, GyroXMin: -0.11, GyroYMax: -0.00, GyroYMin: -0.01, GyroZMax: 0.03, GyroZMin: 0.02
GyroX: 0.07, GyroY: 0.00, GyroZ: 0.00, AccelX: 0.07, AccelY: 0.12, AccelZ: 0.16
GyroXMax: -0.04, GyroXMin: -0.11, GyroYMax: -0.00, GyroYMin: -0.01, GyroZMax: 0.03, GyroZMin: 0.02
GyroX: 0.07, GyroY: 0.00, GyroZ: 0.00, AccelX: 0.07, AccelY: 0.12, AccelZ: 0.16
GyroXMax: -0.04, GyroXMin: -0.11, GyroYMax: -0.00, GyroYMin: -0.01, GyroZMax: 0.03, GyroZMin: 0.02
GyroX: 0.07, GyroY: 0.00, GyroZ: 0.00, AccelX: 0.09, AccelY: 0.12, AccelZ: 0.16
GyroXMax: -0.04, GyroXMin: -0.11, GyroYMax: -0.00, GyroYMin: -0.01, GyroZMax: 0.03, GyroZMin: 0.02
GyroX: 0.07, GyroY: 0.00, GyroZ: 0.00, AccelX: 0.09, AccelY: 0.12, AccelZ: 0.16
GyroXMax: -0.04, GyroXMin: -0.11, GyroYMax: -0.00, GyroYMin: -0.01, GyroZMax: 0.03, GyroZMin: 0.02
GyroX: 0.07, GyroY: 0.00, GyroZ: 0.00, AccelX: 0.09, AccelY: 0.12, AccelZ: 0.13
GyroXMax: -0.05, GyroXMin: -0.11, GyroYMax: -0.00, GyroYMin: -0.01, GyroZMax: 0.03, GyroZMin: 0.02
GyroX: 0.06, GyroY: 0.00, GyroZ: 0.00, AccelX: 0.09, AccelY: 0.11, AccelZ: 0.13
GyroXMax: -0.05, GyroXMin: -0.08, GyroYMax: -0.00, GyroYMin: -0.01, GyroZMax: 0.03, GyroZMin: 0.02
GyroX: 0.03, GyroY: 0.00, GyroZ: 0.00, AccelX: 0.09, AccelY: 0.11, AccelZ: 0.08
GyroXMax: -0.05, GyroXMin: -0.08, GyroYMax: -0.00, GyroYMin: -0.01, GyroZMax: 0.03, GyroZMin: 0.02
GyroX: 0.03, GyroY: 0.00, GyroZ: 0.00, AccelX: 0.09, AccelY: 0.09, AccelZ: 0.08
GyroXMax: -0.05, GyroXMin: -0.08, GyroYMax: -0.00, GyroYMin: -0.01, GyroZMax: 0.03, GyroZMin: 0.02
GyroX: 0.03, GyroY: 0.00, GyroZ: 0.00, AccelX: 0.08, AccelY: 0.09, AccelZ: 0.08
GyroXMax: -0.05, GyroXMin: -0.08, GyroYMax: -0.00, GyroYMin: -0.01, GyroZMax: 0.03, GyroZMin: 0.02
GyroX: 0.03, GyroY: 0.00, GyroZ: 0.00, AccelX: 0.08, AccelY: 0.09, AccelZ: 0.08
GyroXMax: -0.05, GyroXMin: -0.08, GyroYMax: -0.00, GyroYMin: -0.01, GyroZMax: 0.03, GyroZMin: 0.02
GyroX: 0.03, GyroY: 0.00, GyroZ: 0.00, AccelX: 0.08, AccelY: 0.09, AccelZ: 0.06
GyroXMax: -0.05, GyroXMin: -0.08, GyroYMax: -0.00, GyroYMin: -0.01, GyroZMax: 0.03, GyroZMin: 0.02
GyroX: 0.03, GyroY: 0.00, GyroZ: 0.00, AccelX: 0.08, AccelY: 0.09, AccelZ: 0.06
GyroXMax: -0.05, GyroXMin: -0.08, GyroYMax: -0.00, GyroYMin: -0.01, GyroZMax: 0.03, GyroZMin: 0.02
GyroX: 0.03, GyroY: 0.00, GyroZ: 0.00, AccelX: 0.08, AccelY: 0.09, AccelZ: 0.06
GyroXMax: -0.05, GyroXMin: -0.08, GyroYMax: -0.00, GyroYMin: -0.01, GyroZMax: 0.03, GyroZMin: 0.02
GyroX: 0.03, GyroY: 0.00, GyroZ: 0.00, AccelX: 0.08, AccelY: 0.09, AccelZ: 0.09
GyroXMax: -0.05, GyroXMin: -0.08, GyroYMax: -0.00, GyroYMin: -0.01, GyroZMax: 0.03, GyroZMin: 0.02
GyroX: 0.03, GyroY: 0.01, GyroZ: 0.00, AccelX: 0.08, AccelY: 0.09, AccelZ: 0.09
GyroXMax: -0.05, GyroXMin: -0.08, GyroYMax: -0.00, GyroYMin: -0.01, GyroZMax: 0.03, GyroZMin: 0.02
GyroX: 0.03, GyroY: 0.01, GyroZ: 0.00, AccelX: 0.08, AccelY: 0.09, AccelZ: 0.09
GyroXMax: -0.05, GyroXMin: -0.08, GyroYMax: -0.00, GyroYMin: -0.01, GyroZMax: 0.03, GyroZMin: 0.02
GyroX: 0.03, GyroY: 0.01, GyroZ: 0.00, AccelX: 0.08, AccelY: 0.10, AccelZ: 0.09
GyroXMax: -0.05, GyroXMin: -0.09, GyroYMax: -0.00, GyroYMin: -0.01, GyroZMax: 0.03, GyroZMin: 0.02
GyroX: 0.04, GyroY: 0.01, GyroZ: 0.00, AccelX: 0.08, AccelY: 0.10, AccelZ: 0.09
GyroXMax: -0.05, GyroXMin: -0.09, GyroYMax: -0.00, GyroYMin: -0.01, GyroZMax: 0.03, GyroZMin: 0.02
GyroX: 0.04, GyroY: 0.01, GyroZ: 0.00, AccelX: 0.08, AccelY: 0.10, AccelZ: 0.09
GyroXMax: -0.05, GyroXMin: -0.09, GyroYMax: -0.00, GyroYMin: -0.01, GyroZMax: 0.03, GyroZMin: 0.02
GyroX: 0.04, GyroY: 0.01, GyroZ: 0.00, AccelX: 0.08, AccelY: 0.10, AccelZ: 0.09
GyroXMax: -0.05, GyroXMin: -0.09, GyroYMax: -0.00, GyroYMin: -0.01, GyroZMax: 0.03, GyroZMin: 0.02
GyroX: 0.04, GyroY: 0.01, GyroZ: 0.00, AccelX: 0.08, AccelY: 0.11, AccelZ: 0.09
GyroXMax: -0.05, GyroXMin: -0.09, GyroYMax: -0.00, GyroYMin: -0.01, GyroZMax: 0.03, GyroZMin: 0.02
GyroX: 0.04, GyroY: 0.01, GyroZ: 0.00, AccelX: 0.09, AccelY: 0.11, AccelZ: 0.09
GyroXMax: -0.05, GyroXMin: -0.09, GyroYMax: -0.00, GyroYMin: -0.01, GyroZMax: 0.03, GyroZMin: 0.02
GyroX: 0.04, GyroY: 0.01, GyroZ: 0.00, AccelX: 0.09, AccelY: 0.11, AccelZ: 0.09
GyroXMax: -0.05, GyroXMin: -0.09, GyroYMax: -0.00, GyroYMin: -0.01, GyroZMax: 0.03, GyroZMin: 0.02
GyroX: 0.04, GyroY: 0.01, GyroZ: 0.00, AccelX: 0.09, AccelY: 0.11, AccelZ: 0.09
GyroXMax: -0.05, GyroXMin: -0.09, GyroYMax: -0.00, GyroYMin: -0.01, GyroZMax: 0.03, GyroZMin: 0.02
GyroX: 0.04, GyroY: 0.01, GyroZ: 0.00, AccelX: 0.09, AccelY: 0.11, AccelZ: 0.09
GyroXMax: -0.05, GyroXMin: -0.09, GyroYMax: -0.00, GyroYMin: -0.01, GyroZMax: 0.03, GyroZMin: 0.02
GyroX: 0.04, GyroY: 0.01, GyroZ: 0.00, AccelX: 0.09, AccelY: 0.11, AccelZ: 0.09
GyroXMax: -0.05, GyroXMin: -0.09, GyroYMax: -0.00, GyroYMin: -0.01, GyroZMax: 0.03, GyroZMin: 0.02
GyroX: 0.04, GyroY: 0.01, GyroZ: 0.00, AccelX: 0.09, AccelY: 0.11, AccelZ: 0.09
GyroXMax: -0.05, GyroXMin: -0.09, GyroYMax: -0.00, GyroYMin: -0.01, GyroZMax: 0.03, GyroZMin: 0.02
GyroX: 0.04, GyroY: 0.01, GyroZ: 0.00, AccelX: 0.09, AccelY: 0.11, AccelZ: 0.10
GyroXMax: -0.05, GyroXMin: -0.09, GyroYMax: -0.00, GyroYMin: -0.01, GyroZMax: 0.03, GyroZMin: 0.02
GyroX: 0.04, GyroY: 0.01, GyroZ: 0.00, AccelX: 0.09, AccelY: 0.11, AccelZ: 0.10
GyroXMax: -0.05, GyroXMin: -0.09, GyroYMax: -0.00, GyroYMin: -0.01, GyroZMax: 0.03, GyroZMin: 0.02
GyroX: 0.04, GyroY: 0.01, GyroZ: 0.00, AccelX: 0.09, AccelY: 0.11, AccelZ: 0.11
GyroXMax: -0.05, GyroXMin: -0.09, GyroYMax: -0.00, GyroYMin: -0.01, GyroZMax: 0.03, GyroZMin: 0.02
GyroX: 0.04, GyroY: 0.01, GyroZ: 0.00, AccelX: 0.09, AccelY: 0.11, AccelZ: 0.11
GyroXMax: -0.05, GyroXMin: -0.09, GyroYMax: -0.00, GyroYMin: -0.01, GyroZMax: 0.03, GyroZMin: 0.02
GyroX: 0.04, GyroY: 0.00, GyroZ: 0.00, AccelX: 0.09, AccelY: 0.11, AccelZ: 0.13
GyroXMax: -0.05, GyroXMin: -0.09, GyroYMax: -0.00, GyroYMin: -0.01, GyroZMax: 0.03, GyroZMin: 0.02
GyroX: 0.04, GyroY: 0.00, GyroZ: 0.00, AccelX: 0.07, AccelY: 0.11, AccelZ: 0.13
GyroXMax: -0.05, GyroXMin: -0.09, GyroYMax: -0.00, GyroYMin: -0.01, GyroZMax: 0.03, GyroZMin: 0.02
GyroX: 0.04, GyroY: 0.00, GyroZ: 0.00, AccelX: 0.07, AccelY: 0.11, AccelZ: 0.13
GyroXMax: -0.05, GyroXMin: -0.09, GyroYMax: -0.00, GyroYMin: -0.01, GyroZMax: 0.03, GyroZMin: 0.02
GyroX: 0.04, GyroY: 0.00, GyroZ: 0.00, AccelX: 0.07, AccelY: 0.11, AccelZ: 0.13
GyroXMax: -0.05, GyroXMin: -0.09, GyroYMax: -0.00, GyroYMin: -0.01, GyroZMax: 0.03, GyroZMin: 0.02
GyroX: 0.04, GyroY: 0.00, GyroZ: 0.00, AccelX: 0.07, AccelY: 0.11, AccelZ: 0.13
GyroXMax: -0.05, GyroXMin: -0.09, GyroYMax: -0.00, GyroYMin: -0.01, GyroZMax: 0.03, GyroZMin: 0.02
GyroX: 0.04, GyroY: 0.00, GyroZ: 0.00, AccelX: 0.07, AccelY: 0.11, AccelZ: 0.15
GyroXMax: -0.05, GyroXMin: -0.09, GyroYMax: -0.00, GyroYMin: -0.01, GyroZMax: 0.03, GyroZMin: 0.02
GyroX: 0.04, GyroY: 0.00, GyroZ: 0.00, AccelX: 0.07, AccelY: 0.11, AccelZ: 0.15
GyroXMax: -0.05, GyroXMin: -0.09, GyroYMax: -0.00, GyroYMin: -0.01, GyroZMax: 0.03, GyroZMin: 0.02
GyroX: 0.04, GyroY: 0.00, GyroZ: 0.00, AccelX: 0.07, AccelY: 0.11, AccelZ: 0.15
GyroXMax: -0.05, GyroXMin: -0.09, GyroYMax: -0.00, GyroYMin: -0.01, GyroZMax: 0.03, GyroZMin: 0.02
GyroX: 0.04, GyroY: 0.00, GyroZ: 0.00, AccelX: 0.07, AccelY: 0.11, AccelZ: 0.15
GyroXMax: -0.05, GyroXMin: -0.09, GyroYMax: -0.00, GyroYMin: -0.01, GyroZMax: 0.03, GyroZMin: 0.02
GyroX: 0.04, GyroY: 0.00, GyroZ: 0.00, AccelX: 0.06, AccelY: 0.11, AccelZ: 0.15
GyroXMax: -0.05, GyroXMin: -0.09, GyroYMax: -0.00, GyroYMin: -0.01, GyroZMax: 0.03, GyroZMin: 0.02
GyroX: 0.04, GyroY: 0.00, GyroZ: 0.00, AccelX: 0.08, AccelY: 0.11, AccelZ: 0.15
GyroXMax: -0.05, GyroXMin: -0.09, GyroYMax: -0.00, GyroYMin: -0.01, GyroZMax: 0.03, GyroZMin: 0.02
GyroX: 0.04, GyroY: 0.00, GyroZ: 0.00, AccelX: 0.08, AccelY: 0.11, AccelZ: 0.15
GyroXMax: -0.05, GyroXMin: -0.09, GyroYMax: -0.00, GyroYMin: -0.01, G